C:\USERS\LENOVO\DESKTOP\SYSCODE\FANGNUOYA\ZHANGMINGXING\HIDEINJECT\DEBUG\HIDEINJECT.PCH
C:\USERS\LENOVO\DESKTOP\SYSCODE\FANGNUOYA\ZHANGMINGXING\HIDEINJECT\DEBUG\STDAFX.OBJ
C:\USERS\LENOVO\DESKTOP\SYSCODE\FANGNUOYA\ZHANGMINGXING\HIDEINJECT\DEBUG\VC110.PDB
C:\USERS\LENOVO\DESKTOP\SYSCODE\FANGNUOYA\ZHANGMINGXING\HIDEINJECT\DEBUG\HIDEINJECT.OBJ
C:\USERS\LENOVO\DESKTOP\SYSCODE\FANGNUOYA\ZHANGMINGXING\DEBUG\HIDEINJECT.ILK
C:\USERS\LENOVO\DESKTOP\SYSCODE\FANGNUOYA\ZHANGMINGXING\DEBUG\HIDEINJECT.EXE
C:\USERS\LENOVO\DESKTOP\SYSCODE\FANGNUOYA\ZHANGMINGXING\DEBUG\HIDEINJECT.PDB
E:\RCH\win7_x64监测\ATAD\ATAD\HideInject\Debug\HideInject.obj
E:\RCH\win7_x64监测\ATAD\ATAD\HideInject\Debug\stdafx.obj
E:\RCH\win7_x64监测\ATAD\ATAD\HideInject\Debug\cl.command.1.tlog
E:\RCH\win7_x64监测\ATAD\ATAD\HideInject\Debug\CL.read.1.tlog
E:\RCH\win7_x64监测\ATAD\ATAD\HideInject\Debug\CL.write.1.tlog
E:\RCH\win7_x64监测\ATAD\ATAD\HideInject\Debug\link-cvtres.read.1.tlog
E:\RCH\win7_x64监测\ATAD\ATAD\HideInject\Debug\link-cvtres.write.1.tlog
E:\RCH\win7_x64监测\ATAD\ATAD\HideInject\Debug\link-rc.read.1.tlog
E:\RCH\win7_x64监测\ATAD\ATAD\HideInject\Debug\link-rc.write.1.tlog
E:\RCH\win7_x64监测\ATAD\ATAD\HideInject\Debug\link.command.1.tlog
E:\RCH\win7_x64监测\ATAD\ATAD\HideInject\Debug\link.read.1.tlog
E:\RCH\win7_x64监测\ATAD\ATAD\HideInject\Debug\link.write.1.tlog
E:\RCH\win7_x64监测\ATAD\ATAD\HideInject\Debug\HideInject.pch
E:\RCH\win7_x64监测\ATAD\ATAD\HideInject\Debug\vc110.idb
E:\RCH\win7_x64监测\ATAD\ATAD\HideInject\Debug\vc110.pdb
E:\RCH\win7_x64监测\ATAD\ATAD\Debug\HideInject.pdb
E:\RCH\win7_x64监测\ATAD\ATAD\Debug\HideInject.exe
E:\RCH\win7_x64监测\ATAD\ATAD\Debug\HideInject.ilk
