E:\信工所\SYSCODE\FANGNUOYA\ZHANGMINGXING\MONDLL64\X64\DEBUG\DLLHOOK64.OBJ
E:\信工所\SYSCODE\FANGNUOYA\ZHANGMINGXING\MONDLL64\X64\DEBUG\DLLMAIN.OBJ
E:\信工所\SYSCODE\FANGNUOYA\ZHANGMINGXING\MONDLL64\X64\DEBUG\FILEAPIHOOK.OBJ
E:\信工所\SYSCODE\FANGNUOYA\ZHANGMINGXING\MONDLL64\X64\DEBUG\HOOKAPI.OBJ
E:\信工所\SYSCODE\FANGNUOYA\ZHANGMINGXING\MONDLL64\X64\DEBUG\NETAPIHOOK.OBJ
E:\信工所\SYSCODE\FANGNUOYA\ZHANGMINGXING\MONDLL64\X64\DEBUG\OTHERAPIHOOK.OBJ
E:\信工所\SYSCODE\FANGNUOYA\ZHANGMINGXING\MONDLL64\X64\DEBUG\PROCESSAPIHOOK.OBJ
E:\信工所\SYSCODE\FANGNUOYA\ZHANGMINGXING\MONDLL64\X64\DEBUG\REGAPIHOOK.OBJ
E:\信工所\SYSCODE\FANGNUOYA\ZHANGMINGXING\MONDLL64\X64\DEBUG\STDAFX.OBJ
E:\信工所\SYSCODE\FANGNUOYA\ZHANGMINGXING\MONDLL64\X64\DEBUG\TINYSTR.OBJ
E:\信工所\SYSCODE\FANGNUOYA\ZHANGMINGXING\MONDLL64\X64\DEBUG\TINYXML.OBJ
E:\信工所\SYSCODE\FANGNUOYA\ZHANGMINGXING\MONDLL64\X64\DEBUG\TINYXMLERROR.OBJ
E:\信工所\SYSCODE\FANGNUOYA\ZHANGMINGXING\MONDLL64\X64\DEBUG\TINYXMLPARSER.OBJ
E:\信工所\SYSCODE\FANGNUOYA\ZHANGMINGXING\MONDLL64\X64\DEBUG\VC110.PDB
E:\信工所\SYSCODE\FANGNUOYA\ZHANGMINGXING\MONDLL64\DEBUG\MONDLL64.ILK
E:\信工所\SYSCODE\FANGNUOYA\ZHANGMINGXING\MONDLL64\DEBUG\MONDLL64.DLL
E:\信工所\SYSCODE\FANGNUOYA\ZHANGMINGXING\MONDLL64\DEBUG\MONDLL64.PDB
E:\RCH\win7_x64监测\ATAD\ATAD\MonDll64\x64\Debug\DllHook64.obj
E:\RCH\win7_x64监测\ATAD\ATAD\MonDll64\x64\Debug\dllmain.obj
E:\RCH\win7_x64监测\ATAD\ATAD\MonDll64\x64\Debug\FileApiHook.obj
E:\RCH\win7_x64监测\ATAD\ATAD\MonDll64\x64\Debug\HookApi.obj
E:\RCH\win7_x64监测\ATAD\ATAD\MonDll64\x64\Debug\NetApiHook.obj
E:\RCH\win7_x64监测\ATAD\ATAD\MonDll64\x64\Debug\OtherApiHook.obj
E:\RCH\win7_x64监测\ATAD\ATAD\MonDll64\x64\Debug\ProcessApiHook.obj
E:\RCH\win7_x64监测\ATAD\ATAD\MonDll64\x64\Debug\RegApiHook.obj
E:\RCH\win7_x64监测\ATAD\ATAD\MonDll64\x64\Debug\stdafx.obj
E:\RCH\win7_x64监测\ATAD\ATAD\MonDll64\x64\Debug\tinystr.obj
E:\RCH\win7_x64监测\ATAD\ATAD\MonDll64\x64\Debug\tinyxml.obj
E:\RCH\win7_x64监测\ATAD\ATAD\MonDll64\x64\Debug\tinyxmlerror.obj
E:\RCH\win7_x64监测\ATAD\ATAD\MonDll64\x64\Debug\tinyxmlparser.obj
E:\RCH\win7_x64监测\ATAD\ATAD\MonDll64\x64\Debug\cl.command.1.tlog
E:\RCH\win7_x64监测\ATAD\ATAD\MonDll64\x64\Debug\CL.read.1.tlog
E:\RCH\win7_x64监测\ATAD\ATAD\MonDll64\x64\Debug\CL.write.1.tlog
E:\RCH\win7_x64监测\ATAD\ATAD\MonDll64\x64\Debug\link-cvtres.read.1.tlog
E:\RCH\win7_x64监测\ATAD\ATAD\MonDll64\x64\Debug\link-cvtres.write.1.tlog
E:\RCH\win7_x64监测\ATAD\ATAD\MonDll64\x64\Debug\link-rc.read.1.tlog
E:\RCH\win7_x64监测\ATAD\ATAD\MonDll64\x64\Debug\link-rc.write.1.tlog
E:\RCH\win7_x64监测\ATAD\ATAD\MonDll64\x64\Debug\link.command.1.tlog
E:\RCH\win7_x64监测\ATAD\ATAD\MonDll64\x64\Debug\link.read.1.tlog
E:\RCH\win7_x64监测\ATAD\ATAD\MonDll64\x64\Debug\link.write.1.tlog
E:\RCH\win7_x64监测\ATAD\ATAD\MonDll64\x64\Debug\vc110.idb
E:\RCH\win7_x64监测\ATAD\ATAD\MonDll64\x64\Debug\vc110.pdb
E:\RCH\win7_x64监测\ATAD\ATAD\MonDll64\Debug\MonDll64.pdb
E:\RCH\win7_x64监测\ATAD\ATAD\MonDll64\Debug\MonDll64.dll
E:\RCH\win7_x64监测\ATAD\ATAD\MonDll64\Debug\MonDll64.ilk
