C:\USERS\LENOVO\DESKTOP\SYSCODE\FANGNUOYA\ZHANGMINGXING\ACTION\DEBUG\ACTION.PCH
C:\USERS\LENOVO\DESKTOP\SYSCODE\FANGNUOYA\ZHANGMINGXING\ACTION\DEBUG\STDAFX.OBJ
C:\USERS\LENOVO\DESKTOP\SYSCODE\FANGNUOYA\ZHANGMINGXING\ACTION\DEBUG\VC110.PDB
C:\USERS\LENOVO\DESKTOP\SYSCODE\FANGNUOYA\ZHANGMINGXING\ACTION\DEBUG\ACTION.OBJ
C:\USERS\LENOVO\DESKTOP\SYSCODE\FANGNUOYA\ZHANGMINGXING\DEBUG\ACTION.ILK
C:\USERS\LENOVO\DESKTOP\SYSCODE\FANGNUOYA\ZHANGMINGXING\DEBUG\ACTION.EXE
C:\USERS\LENOVO\DESKTOP\SYSCODE\FANGNUOYA\ZHANGMINGXING\DEBUG\ACTION.PDB
E:\RCH\win7_x64监测\ATAD\ATAD\Action\Debug\Action.obj
E:\RCH\win7_x64监测\ATAD\ATAD\Action\Debug\stdafx.obj
E:\RCH\win7_x64监测\ATAD\ATAD\Action\Debug\cl.command.1.tlog
E:\RCH\win7_x64监测\ATAD\ATAD\Action\Debug\CL.read.1.tlog
E:\RCH\win7_x64监测\ATAD\ATAD\Action\Debug\CL.write.1.tlog
E:\RCH\win7_x64监测\ATAD\ATAD\Action\Debug\link-cvtres.read.1.tlog
E:\RCH\win7_x64监测\ATAD\ATAD\Action\Debug\link-cvtres.write.1.tlog
E:\RCH\win7_x64监测\ATAD\ATAD\Action\Debug\link-rc.read.1.tlog
E:\RCH\win7_x64监测\ATAD\ATAD\Action\Debug\link-rc.write.1.tlog
E:\RCH\win7_x64监测\ATAD\ATAD\Action\Debug\link.command.1.tlog
E:\RCH\win7_x64监测\ATAD\ATAD\Action\Debug\link.read.1.tlog
E:\RCH\win7_x64监测\ATAD\ATAD\Action\Debug\link.write.1.tlog
E:\RCH\win7_x64监测\ATAD\ATAD\Action\Debug\Action.pch
E:\RCH\win7_x64监测\ATAD\ATAD\Action\Debug\vc110.idb
E:\RCH\win7_x64监测\ATAD\ATAD\Action\Debug\vc110.pdb
E:\RCH\win7_x64监测\ATAD\ATAD\Debug\Action.pdb
E:\RCH\win7_x64监测\ATAD\ATAD\Debug\Action.exe
E:\RCH\win7_x64监测\ATAD\ATAD\Debug\Action.ilk
