E:\信工所\SYSCODE\FANGNUOYA\ZHANGMINGXING\USMON\DEBUG\USMON.PCH
E:\信工所\SYSCODE\FANGNUOYA\ZHANGMINGXING\USMON\DEBUG\STDAFX.OBJ
E:\信工所\SYSCODE\FANGNUOYA\ZHANGMINGXING\USMON\DEBUG\VC110.PDB
E:\信工所\SYSCODE\FANGNUOYA\ZHANGMINGXING\USMON\DEBUG\TINYSTR.OBJ
E:\信工所\SYSCODE\FANGNUOYA\ZHANGMINGXING\USMON\DEBUG\TINYXML.OBJ
E:\信工所\SYSCODE\FANGNUOYA\ZHANGMINGXING\USMON\DEBUG\TINYXMLERROR.OBJ
E:\信工所\SYSCODE\FANGNUOYA\ZHANGMINGXING\USMON\DEBUG\TINYXMLPARSER.OBJ
E:\信工所\SYSCODE\FANGNUOYA\ZHANGMINGXING\USMON\DEBUG\USMON.OBJ
E:\信工所\SYSCODE\FANGNUOYA\ZHANGMINGXING\DEBUG\USMON.ILK
E:\信工所\SYSCODE\FANGNUOYA\ZHANGMINGXING\DEBUG\USMON.EXE
E:\信工所\SYSCODE\FANGNUOYA\ZHANGMINGXING\DEBUG\USMON.PDB
E:\RCH\win7_x64监测\ATAD\ATAD\UsMon\Debug\stdafx.obj
E:\RCH\win7_x64监测\ATAD\ATAD\UsMon\Debug\tinystr.obj
E:\RCH\win7_x64监测\ATAD\ATAD\UsMon\Debug\tinyxml.obj
E:\RCH\win7_x64监测\ATAD\ATAD\UsMon\Debug\tinyxmlerror.obj
E:\RCH\win7_x64监测\ATAD\ATAD\UsMon\Debug\tinyxmlparser.obj
E:\RCH\win7_x64监测\ATAD\ATAD\UsMon\Debug\UsMon.obj
E:\RCH\win7_x64监测\ATAD\ATAD\UsMon\Debug\cl.command.1.tlog
E:\RCH\win7_x64监测\ATAD\ATAD\UsMon\Debug\CL.read.1.tlog
E:\RCH\win7_x64监测\ATAD\ATAD\UsMon\Debug\CL.write.1.tlog
E:\RCH\win7_x64监测\ATAD\ATAD\UsMon\Debug\link-cvtres.read.1.tlog
E:\RCH\win7_x64监测\ATAD\ATAD\UsMon\Debug\link-cvtres.write.1.tlog
E:\RCH\win7_x64监测\ATAD\ATAD\UsMon\Debug\link-rc.read.1.tlog
E:\RCH\win7_x64监测\ATAD\ATAD\UsMon\Debug\link-rc.write.1.tlog
E:\RCH\win7_x64监测\ATAD\ATAD\UsMon\Debug\link.command.1.tlog
E:\RCH\win7_x64监测\ATAD\ATAD\UsMon\Debug\link.read.1.tlog
E:\RCH\win7_x64监测\ATAD\ATAD\UsMon\Debug\link.write.1.tlog
E:\RCH\win7_x64监测\ATAD\ATAD\UsMon\Debug\UsMon.pch
E:\RCH\win7_x64监测\ATAD\ATAD\UsMon\Debug\vc110.idb
E:\RCH\win7_x64监测\ATAD\ATAD\UsMon\Debug\vc110.pdb
E:\RCH\win7_x64监测\ATAD\ATAD\Debug\UsMon.pdb
E:\RCH\win7_x64监测\ATAD\ATAD\Debug\UsMon.exe
E:\RCH\win7_x64监测\ATAD\ATAD\Debug\UsMon.ilk
