C:\USERS\LENOVO\DESKTOP\SYSCODE\FANGNUOYA\ZHANGMINGXING\NETWORKOPERATION\DEBUG\NETWORKOPERATION.PCH
C:\USERS\LENOVO\DESKTOP\SYSCODE\FANGNUOYA\ZHANGMINGXING\NETWORKOPERATION\DEBUG\STDAFX.OBJ
C:\USERS\LENOVO\DESKTOP\SYSCODE\FANGNUOYA\ZHANGMINGXING\NETWORKOPERATION\DEBUG\VC110.PDB
C:\USERS\LENOVO\DESKTOP\SYSCODE\FANGNUOYA\ZHANGMINGXING\NETWORKOPERATION\DEBUG\NETWORKOPERATION.OBJ
C:\USERS\LENOVO\DESKTOP\SYSCODE\FANGNUOYA\ZHANGMINGXING\DEBUG\NETWORKOPERATION.ILK
C:\USERS\LENOVO\DESKTOP\SYSCODE\FANGNUOYA\ZHANGMINGXING\DEBUG\NETWORKOPERATION.EXE
C:\USERS\LENOVO\DESKTOP\SYSCODE\FANGNUOYA\ZHANGMINGXING\DEBUG\NETWORKOPERATION.PDB
E:\RCH\win7_x64监测\ATAD\ATAD\NetworkOperation\Debug\NetworkOperation.obj
E:\RCH\win7_x64监测\ATAD\ATAD\NetworkOperation\Debug\stdafx.obj
E:\RCH\win7_x64监测\ATAD\ATAD\NetworkOperation\Debug\cl.command.1.tlog
E:\RCH\win7_x64监测\ATAD\ATAD\NetworkOperation\Debug\CL.read.1.tlog
E:\RCH\win7_x64监测\ATAD\ATAD\NetworkOperation\Debug\CL.write.1.tlog
E:\RCH\win7_x64监测\ATAD\ATAD\NetworkOperation\Debug\link-cvtres.read.1.tlog
E:\RCH\win7_x64监测\ATAD\ATAD\NetworkOperation\Debug\link-cvtres.write.1.tlog
E:\RCH\win7_x64监测\ATAD\ATAD\NetworkOperation\Debug\link-rc.read.1.tlog
E:\RCH\win7_x64监测\ATAD\ATAD\NetworkOperation\Debug\link-rc.write.1.tlog
E:\RCH\win7_x64监测\ATAD\ATAD\NetworkOperation\Debug\link.command.1.tlog
E:\RCH\win7_x64监测\ATAD\ATAD\NetworkOperation\Debug\link.read.1.tlog
E:\RCH\win7_x64监测\ATAD\ATAD\NetworkOperation\Debug\link.write.1.tlog
E:\RCH\win7_x64监测\ATAD\ATAD\NetworkOperation\Debug\NetworkOperation.pch
E:\RCH\win7_x64监测\ATAD\ATAD\NetworkOperation\Debug\vc110.idb
E:\RCH\win7_x64监测\ATAD\ATAD\NetworkOperation\Debug\vc110.pdb
E:\RCH\win7_x64监测\ATAD\ATAD\Debug\NetworkOperation.pdb
E:\RCH\win7_x64监测\ATAD\ATAD\Debug\NetworkOperation.exe
E:\RCH\win7_x64监测\ATAD\ATAD\Debug\NetworkOperation.ilk
