C:\USERS\USER\DESKTOP\项目\SVN\USERMONITOR\ZHANGMINGXING\MONINJECT\X64\DEBUG\MAIN.OBJ
C:\USERS\USER\DESKTOP\项目\SVN\USERMONITOR\ZHANGMINGXING\MONINJECT\X64\DEBUG\VC110.PDB
C:\Users\User\Desktop\项目\SVN\UserMonitor\Zhangmingxing\MonInject\x64\Debug\main.obj
C:\Users\User\Desktop\项目\SVN\UserMonitor\Zhangmingxing\MonInject\x64\Debug\cl.command.1.tlog
C:\Users\User\Desktop\项目\SVN\UserMonitor\Zhangmingxing\MonInject\x64\Debug\CL.read.1.tlog
C:\Users\User\Desktop\项目\SVN\UserMonitor\Zhangmingxing\MonInject\x64\Debug\CL.write.1.tlog
C:\Users\User\Desktop\项目\SVN\UserMonitor\Zhangmingxing\MonInject\x64\Debug\link-cvtres.read.1.tlog
C:\Users\User\Desktop\项目\SVN\UserMonitor\Zhangmingxing\MonInject\x64\Debug\link-cvtres.write.1.tlog
C:\Users\User\Desktop\项目\SVN\UserMonitor\Zhangmingxing\MonInject\x64\Debug\link-rc.read.1.tlog
C:\Users\User\Desktop\项目\SVN\UserMonitor\Zhangmingxing\MonInject\x64\Debug\link-rc.write.1.tlog
C:\Users\User\Desktop\项目\SVN\UserMonitor\Zhangmingxing\MonInject\x64\Debug\link.1624-cvtres.read.1.tlog
C:\Users\User\Desktop\项目\SVN\UserMonitor\Zhangmingxing\MonInject\x64\Debug\link.1624-cvtres.write.1.tlog
C:\Users\User\Desktop\项目\SVN\UserMonitor\Zhangmingxing\MonInject\x64\Debug\link.1624-rc.read.1.tlog
C:\Users\User\Desktop\项目\SVN\UserMonitor\Zhangmingxing\MonInject\x64\Debug\link.1624-rc.write.1.tlog
C:\Users\User\Desktop\项目\SVN\UserMonitor\Zhangmingxing\MonInject\x64\Debug\link.1624.read.1.tlog
C:\Users\User\Desktop\项目\SVN\UserMonitor\Zhangmingxing\MonInject\x64\Debug\link.1624.write.1.tlog
C:\Users\User\Desktop\项目\SVN\UserMonitor\Zhangmingxing\MonInject\x64\Debug\link.command.1.tlog
C:\Users\User\Desktop\项目\SVN\UserMonitor\Zhangmingxing\MonInject\x64\Debug\link.read.1.tlog
C:\Users\User\Desktop\项目\SVN\UserMonitor\Zhangmingxing\MonInject\x64\Debug\link.write.1.tlog
C:\Users\User\Desktop\项目\SVN\UserMonitor\Zhangmingxing\MonInject\x64\Debug\vc110.idb
C:\Users\User\Desktop\项目\SVN\UserMonitor\Zhangmingxing\MonInject\x64\Debug\vc110.pdb
C:\Users\User\Desktop\项目\SVN\UserMonitor\Zhangmingxing\x64\Debug\MonInject.pdb
C:\Users\User\Desktop\项目\SVN\UserMonitor\Zhangmingxing\x64\Debug\MonInject.exe
C:\Users\User\Desktop\项目\SVN\UserMonitor\Zhangmingxing\x64\Debug\MonInject.ilk
