E:\信工所\SYSCODE\FANGNUOYA\ZHANGMINGXING\MONINJECT\X64\DEBUG\MONINJECT64.OBJ
E:\信工所\SYSCODE\FANGNUOYA\ZHANGMINGXING\MONINJECT\X64\DEBUG\VC110.PDB
E:\信工所\MONINJECT\X64\DEBUG\MONINJECT64.OBJ
E:\信工所\MONINJECT\X64\DEBUG\MYOUTPUTDEBUGSTRING.OBJ
E:\信工所\MONINJECT\X64\DEBUG\VC110.PDB
E:\信工所\SYSCODE\FANGNUOYA\ZHANGMINGXING\X64\DEBUG\MONINJECT64.ILK
E:\信工所\SYSCODE\FANGNUOYA\ZHANGMINGXING\X64\DEBUG\MONINJECT64.EXE
E:\信工所\SYSCODE\FANGNUOYA\ZHANGMINGXING\X64\DEBUG\MONINJECT64.PDB
E:\信工所\MONINJECT\X64\DEBUG\MONINJECT64.ILK
E:\信工所\MONINJECT\X64\DEBUG\MONINJECT64.EXE
E:\信工所\MONINJECT\X64\DEBUG\MONINJECT64.PDB
E:\信工所\MonInject\x64\Debug\MonInject64.obj
E:\信工所\MonInject\x64\Debug\MyOutputDebugString.obj
E:\信工所\MonInject\x64\Debug\MonInject64.ilk
E:\信工所\MonInject\x64\Debug\cl.command.1.tlog
E:\信工所\MonInject\x64\Debug\CL.read.1.tlog
E:\信工所\MonInject\x64\Debug\CL.write.1.tlog
E:\信工所\MonInject\x64\Debug\link-cvtres.read.1.tlog
E:\信工所\MonInject\x64\Debug\link-cvtres.write.1.tlog
E:\信工所\MonInject\x64\Debug\link-rc.read.1.tlog
E:\信工所\MonInject\x64\Debug\link-rc.write.1.tlog
E:\信工所\MonInject\x64\Debug\link.command.1.tlog
E:\信工所\MonInject\x64\Debug\link.read.1.tlog
E:\信工所\MonInject\x64\Debug\link.write.1.tlog
E:\信工所\MonInject\x64\Debug\vc110.idb
E:\信工所\MonInject\x64\Debug\MonInject64.pdb
E:\信工所\MonInject\x64\Debug\vc110.pdb
E:\信工所\MonInject\x64\Debug\MonInject64.exe
