C:\USERS\LENOVO\DESKTOP\SYSCODE\FANGNUOYA\ZHANGMINGXING\UNLOADDLL32\DEBUG\UNLOADDLL32.PCH
C:\USERS\LENOVO\DESKTOP\SYSCODE\FANGNUOYA\ZHANGMINGXING\UNLOADDLL32\DEBUG\STDAFX.OBJ
C:\USERS\LENOVO\DESKTOP\SYSCODE\FANGNUOYA\ZHANGMINGXING\UNLOADDLL32\DEBUG\VC110.PDB
C:\USERS\LENOVO\DESKTOP\SYSCODE\FANGNUOYA\ZHANGMINGXING\UNLOADDLL32\DEBUG\UNLOADDLL32.OBJ
E:\信工所\SYSCODE\FANGNUOYA\ZHANGMINGXING\UNLOADDLL32\DEBUG\UNLOADDLL32.PCH
E:\信工所\SYSCODE\FANGNUOYA\ZHANGMINGXING\UNLOADDLL32\DEBUG\STDAFX.OBJ
E:\信工所\SYSCODE\FANGNUOYA\ZHANGMINGXING\UNLOADDLL32\DEBUG\VC110.PDB
E:\信工所\SYSCODE\FANGNUOYA\ZHANGMINGXING\UNLOADDLL32\DEBUG\UNLOADDLL32.OBJ
C:\USERS\LENOVO\DESKTOP\SYSCODE\FANGNUOYA\ZHANGMINGXING\DEBUG\UNLOADDLL32.ILK
C:\USERS\LENOVO\DESKTOP\SYSCODE\FANGNUOYA\ZHANGMINGXING\DEBUG\UNLOADDLL32.EXE
C:\USERS\LENOVO\DESKTOP\SYSCODE\FANGNUOYA\ZHANGMINGXING\DEBUG\UNLOADDLL32.PDB
E:\信工所\SYSCODE\FANGNUOYA\ZHANGMINGXING\DEBUG\UNLOADDLL32.ILK
E:\信工所\SYSCODE\FANGNUOYA\ZHANGMINGXING\DEBUG\UNLOADDLL32.EXE
E:\信工所\SYSCODE\FANGNUOYA\ZHANGMINGXING\DEBUG\UNLOADDLL32.PDB
E:\RCH\win7_x64监测\ATAD\ATAD\UnloadDll32\Debug\stdafx.obj
E:\RCH\win7_x64监测\ATAD\ATAD\UnloadDll32\Debug\UnloadDll32.obj
E:\RCH\win7_x64监测\ATAD\ATAD\UnloadDll32\Debug\cl.command.1.tlog
E:\RCH\win7_x64监测\ATAD\ATAD\UnloadDll32\Debug\CL.read.1.tlog
E:\RCH\win7_x64监测\ATAD\ATAD\UnloadDll32\Debug\CL.write.1.tlog
E:\RCH\win7_x64监测\ATAD\ATAD\UnloadDll32\Debug\link-cvtres.read.1.tlog
E:\RCH\win7_x64监测\ATAD\ATAD\UnloadDll32\Debug\link-cvtres.write.1.tlog
E:\RCH\win7_x64监测\ATAD\ATAD\UnloadDll32\Debug\link-rc.read.1.tlog
E:\RCH\win7_x64监测\ATAD\ATAD\UnloadDll32\Debug\link-rc.write.1.tlog
E:\RCH\win7_x64监测\ATAD\ATAD\UnloadDll32\Debug\link.5412-cvtres.read.1.tlog
E:\RCH\win7_x64监测\ATAD\ATAD\UnloadDll32\Debug\link.5412-cvtres.write.1.tlog
E:\RCH\win7_x64监测\ATAD\ATAD\UnloadDll32\Debug\link.5412-rc.read.1.tlog
E:\RCH\win7_x64监测\ATAD\ATAD\UnloadDll32\Debug\link.5412-rc.write.1.tlog
E:\RCH\win7_x64监测\ATAD\ATAD\UnloadDll32\Debug\link.5412.read.1.tlog
E:\RCH\win7_x64监测\ATAD\ATAD\UnloadDll32\Debug\link.5412.write.1.tlog
E:\RCH\win7_x64监测\ATAD\ATAD\UnloadDll32\Debug\link.8324-cvtres.read.1.tlog
E:\RCH\win7_x64监测\ATAD\ATAD\UnloadDll32\Debug\link.8324-cvtres.write.1.tlog
E:\RCH\win7_x64监测\ATAD\ATAD\UnloadDll32\Debug\link.8324-rc.read.1.tlog
E:\RCH\win7_x64监测\ATAD\ATAD\UnloadDll32\Debug\link.8324-rc.write.1.tlog
E:\RCH\win7_x64监测\ATAD\ATAD\UnloadDll32\Debug\link.8324.read.1.tlog
E:\RCH\win7_x64监测\ATAD\ATAD\UnloadDll32\Debug\link.8324.write.1.tlog
E:\RCH\win7_x64监测\ATAD\ATAD\UnloadDll32\Debug\link.9012-cvtres.read.1.tlog
E:\RCH\win7_x64监测\ATAD\ATAD\UnloadDll32\Debug\link.9012-cvtres.write.1.tlog
E:\RCH\win7_x64监测\ATAD\ATAD\UnloadDll32\Debug\link.9012-rc.read.1.tlog
E:\RCH\win7_x64监测\ATAD\ATAD\UnloadDll32\Debug\link.9012-rc.write.1.tlog
E:\RCH\win7_x64监测\ATAD\ATAD\UnloadDll32\Debug\link.9012.read.1.tlog
E:\RCH\win7_x64监测\ATAD\ATAD\UnloadDll32\Debug\link.9012.write.1.tlog
E:\RCH\win7_x64监测\ATAD\ATAD\UnloadDll32\Debug\link.command.1.tlog
E:\RCH\win7_x64监测\ATAD\ATAD\UnloadDll32\Debug\link.read.1.tlog
E:\RCH\win7_x64监测\ATAD\ATAD\UnloadDll32\Debug\link.write.1.tlog
E:\RCH\win7_x64监测\ATAD\ATAD\UnloadDll32\Debug\UnloadDll32.pch
E:\RCH\win7_x64监测\ATAD\ATAD\UnloadDll32\Debug\vc110.idb
E:\RCH\win7_x64监测\ATAD\ATAD\UnloadDll32\Debug\vc110.pdb
E:\RCH\win7_x64监测\ATAD\ATAD\Debug\UnloadDll32.pdb
E:\RCH\win7_x64监测\ATAD\ATAD\Debug\UnloadDll32.exe
E:\RCH\win7_x64监测\ATAD\ATAD\Debug\UnloadDll32.ilk
