E:\信工所\SYSCODE\FANGNUOYA\ZHANGMINGXING\USMON\RELEASE\USMON.PCH
E:\信工所\SYSCODE\FANGNUOYA\ZHANGMINGXING\USMON\RELEASE\STDAFX.OBJ
E:\信工所\SYSCODE\FANGNUOYA\ZHANGMINGXING\USMON\RELEASE\VC110.PDB
E:\信工所\SYSCODE\FANGNUOYA\ZHANGMINGXING\USMON\RELEASE\USMON.OBJ
E:\信工所\SYSCODE\FANGNUOYA\ZHANGMINGXING\USMON\RELEASE\TINYXMLPARSER.OBJ
E:\信工所\SYSCODE\FANGNUOYA\ZHANGMINGXING\USMON\RELEASE\TINYXMLERROR.OBJ
E:\信工所\SYSCODE\FANGNUOYA\ZHANGMINGXING\USMON\RELEASE\TINYXML.OBJ
E:\信工所\SYSCODE\FANGNUOYA\ZHANGMINGXING\USMON\RELEASE\TINYSTR.OBJ
E:\信工所\SYSCODE\FANGNUOYA\ZHANGMINGXING\RELEASE\USMON.EXE
E:\信工所\SYSCODE\FANGNUOYA\ZHANGMINGXING\RELEASE\USMON.PDB
E:\RCH\win7_x64监测\ATAD\ATAD\UsMon\Release\stdafx.obj
E:\RCH\win7_x64监测\ATAD\ATAD\UsMon\Release\tinystr.obj
E:\RCH\win7_x64监测\ATAD\ATAD\UsMon\Release\tinyxml.obj
E:\RCH\win7_x64监测\ATAD\ATAD\UsMon\Release\tinyxmlerror.obj
E:\RCH\win7_x64监测\ATAD\ATAD\UsMon\Release\tinyxmlparser.obj
E:\RCH\win7_x64监测\ATAD\ATAD\UsMon\Release\UsMon.obj
E:\RCH\win7_x64监测\ATAD\ATAD\UsMon\Release\cl.command.1.tlog
E:\RCH\win7_x64监测\ATAD\ATAD\UsMon\Release\CL.read.1.tlog
E:\RCH\win7_x64监测\ATAD\ATAD\UsMon\Release\CL.write.1.tlog
E:\RCH\win7_x64监测\ATAD\ATAD\UsMon\Release\link-cvtres.read.1.tlog
E:\RCH\win7_x64监测\ATAD\ATAD\UsMon\Release\link-cvtres.write.1.tlog
E:\RCH\win7_x64监测\ATAD\ATAD\UsMon\Release\link-rc.read.1.tlog
E:\RCH\win7_x64监测\ATAD\ATAD\UsMon\Release\link-rc.write.1.tlog
E:\RCH\win7_x64监测\ATAD\ATAD\UsMon\Release\link.command.1.tlog
E:\RCH\win7_x64监测\ATAD\ATAD\UsMon\Release\link.read.1.tlog
E:\RCH\win7_x64监测\ATAD\ATAD\UsMon\Release\link.write.1.tlog
E:\RCH\win7_x64监测\ATAD\ATAD\UsMon\Release\UsMon.pch
E:\RCH\win7_x64监测\ATAD\ATAD\UsMon\Release\vc110.pdb
E:\RCH\win7_x64监测\ATAD\ATAD\Release\UsMon.pdb
E:\RCH\win7_x64监测\ATAD\ATAD\Release\UsMon.exe
