E:\信工所\SYSCODE\FANGNUOYA\ZHANGMINGXING\MONDLL64\X64\RELEASE\TINYXMLPARSER.OBJ
E:\信工所\SYSCODE\FANGNUOYA\ZHANGMINGXING\MONDLL64\X64\RELEASE\TINYXMLERROR.OBJ
E:\信工所\SYSCODE\FANGNUOYA\ZHANGMINGXING\MONDLL64\X64\RELEASE\TINYXML.OBJ
E:\信工所\SYSCODE\FANGNUOYA\ZHANGMINGXING\MONDLL64\X64\RELEASE\TINYSTR.OBJ
E:\信工所\SYSCODE\FANGNUOYA\ZHANGMINGXING\MONDLL64\X64\RELEASE\STDAFX.OBJ
E:\信工所\SYSCODE\FANGNUOYA\ZHANGMINGXING\MONDLL64\X64\RELEASE\REGAPIHOOK.OBJ
E:\信工所\SYSCODE\FANGNUOYA\ZHANGMINGXING\MONDLL64\X64\RELEASE\PROCESSAPIHOOK.OBJ
E:\信工所\SYSCODE\FANGNUOYA\ZHANGMINGXING\MONDLL64\X64\RELEASE\OTHERAPIHOOK.OBJ
E:\信工所\SYSCODE\FANGNUOYA\ZHANGMINGXING\MONDLL64\X64\RELEASE\NETAPIHOOK.OBJ
E:\信工所\SYSCODE\FANGNUOYA\ZHANGMINGXING\MONDLL64\X64\RELEASE\HOOKAPI.OBJ
E:\信工所\SYSCODE\FANGNUOYA\ZHANGMINGXING\MONDLL64\X64\RELEASE\FILEAPIHOOK.OBJ
E:\信工所\SYSCODE\FANGNUOYA\ZHANGMINGXING\MONDLL64\X64\RELEASE\DLLMAIN.OBJ
E:\信工所\SYSCODE\FANGNUOYA\ZHANGMINGXING\MONDLL64\X64\RELEASE\DLLHOOK64.OBJ
E:\信工所\SYSCODE\FANGNUOYA\ZHANGMINGXING\MONDLL64\X64\RELEASE\VC110.PDB
E:\信工所\SYSCODE\FANGNUOYA\ZHANGMINGXING\X64\RELEASE\MONDLL64.DLL
E:\信工所\SYSCODE\FANGNUOYA\ZHANGMINGXING\X64\RELEASE\MONDLL64.PDB
E:\RCH\win7_x64监测\ATAD\ATAD\MonDll64\x64\Release\DllHook64.obj
E:\RCH\win7_x64监测\ATAD\ATAD\MonDll64\x64\Release\dllmain.obj
E:\RCH\win7_x64监测\ATAD\ATAD\MonDll64\x64\Release\FileApiHook.obj
E:\RCH\win7_x64监测\ATAD\ATAD\MonDll64\x64\Release\HookApi.obj
E:\RCH\win7_x64监测\ATAD\ATAD\MonDll64\x64\Release\NetApiHook.obj
E:\RCH\win7_x64监测\ATAD\ATAD\MonDll64\x64\Release\OtherApiHook.obj
E:\RCH\win7_x64监测\ATAD\ATAD\MonDll64\x64\Release\ProcessApiHook.obj
E:\RCH\win7_x64监测\ATAD\ATAD\MonDll64\x64\Release\RegApiHook.obj
E:\RCH\win7_x64监测\ATAD\ATAD\MonDll64\x64\Release\stdafx.obj
E:\RCH\win7_x64监测\ATAD\ATAD\MonDll64\x64\Release\tinystr.obj
E:\RCH\win7_x64监测\ATAD\ATAD\MonDll64\x64\Release\tinyxml.obj
E:\RCH\win7_x64监测\ATAD\ATAD\MonDll64\x64\Release\tinyxmlerror.obj
E:\RCH\win7_x64监测\ATAD\ATAD\MonDll64\x64\Release\tinyxmlparser.obj
E:\RCH\win7_x64监测\ATAD\ATAD\MonDll64\x64\Release\cl.command.1.tlog
E:\RCH\win7_x64监测\ATAD\ATAD\MonDll64\x64\Release\CL.read.1.tlog
E:\RCH\win7_x64监测\ATAD\ATAD\MonDll64\x64\Release\CL.write.1.tlog
E:\RCH\win7_x64监测\ATAD\ATAD\MonDll64\x64\Release\link-cvtres.read.1.tlog
E:\RCH\win7_x64监测\ATAD\ATAD\MonDll64\x64\Release\link-cvtres.write.1.tlog
E:\RCH\win7_x64监测\ATAD\ATAD\MonDll64\x64\Release\link-rc.read.1.tlog
E:\RCH\win7_x64监测\ATAD\ATAD\MonDll64\x64\Release\link-rc.write.1.tlog
E:\RCH\win7_x64监测\ATAD\ATAD\MonDll64\x64\Release\link.command.1.tlog
E:\RCH\win7_x64监测\ATAD\ATAD\MonDll64\x64\Release\link.read.1.tlog
E:\RCH\win7_x64监测\ATAD\ATAD\MonDll64\x64\Release\link.write.1.tlog
E:\RCH\win7_x64监测\ATAD\ATAD\MonDll64\x64\Release\vc110.pdb
E:\RCH\win7_x64监测\ATAD\ATAD\x64\Release\MonDll64.pdb
E:\RCH\win7_x64监测\ATAD\ATAD\x64\Release\MonDll64.dll
