C:\USERS\USER\DESKTOP\项目\SVN\NEW_USERMONITOR\ZHANGMINGXING\MONDLL64FORWIN7\X64\DEBUG\MONDLL64FORWIN7.PCH
C:\USERS\USER\DESKTOP\项目\SVN\NEW_USERMONITOR\ZHANGMINGXING\MONDLL64FORWIN7\X64\DEBUG\STDAFX.OBJ
C:\USERS\USER\DESKTOP\项目\SVN\NEW_USERMONITOR\ZHANGMINGXING\MONDLL64FORWIN7\X64\DEBUG\VC110.PDB
C:\USERS\USER\DESKTOP\项目\SVN\NEW_USERMONITOR\ZHANGMINGXING\MONDLL64FORWIN7\X64\DEBUG\DLLMAIN.OBJ
C:\USERS\USER\DESKTOP\项目\SVN\NEW_USERMONITOR\ZHANGMINGXING\MONDLL64FORWIN7\X64\DEBUG\FILEAPIHOOK.OBJ
C:\USERS\USER\DESKTOP\项目\SVN\NEW_USERMONITOR\ZHANGMINGXING\MONDLL64FORWIN7\X64\DEBUG\HOOKAPI.OBJ
C:\USERS\USER\DESKTOP\项目\SVN\NEW_USERMONITOR\ZHANGMINGXING\MONDLL64FORWIN7\X64\DEBUG\MONDLL64FORWIN7.OBJ
C:\USERS\USER\DESKTOP\项目\SVN\NEW_USERMONITOR\ZHANGMINGXING\MONDLL64FORWIN7\X64\DEBUG\NETAPIHOOK.OBJ
C:\USERS\USER\DESKTOP\项目\SVN\NEW_USERMONITOR\ZHANGMINGXING\MONDLL64FORWIN7\X64\DEBUG\OTHERAPIHOOK.OBJ
C:\USERS\USER\DESKTOP\项目\SVN\NEW_USERMONITOR\ZHANGMINGXING\MONDLL64FORWIN7\X64\DEBUG\PROCESSAPIHOOK.OBJ
C:\USERS\USER\DESKTOP\项目\SVN\NEW_USERMONITOR\ZHANGMINGXING\MONDLL64FORWIN7\X64\DEBUG\REGAPIHOOK.OBJ
C:\USERS\USER\DESKTOP\项目\SVN\NEW_USERMONITOR\ZHANGMINGXING\MONDLL64FORWIN7\X64\DEBUG\TINYSTR.OBJ
C:\USERS\USER\DESKTOP\项目\SVN\NEW_USERMONITOR\ZHANGMINGXING\MONDLL64FORWIN7\X64\DEBUG\TINYXML.OBJ
C:\USERS\USER\DESKTOP\项目\SVN\NEW_USERMONITOR\ZHANGMINGXING\MONDLL64FORWIN7\X64\DEBUG\TINYXMLERROR.OBJ
C:\USERS\USER\DESKTOP\项目\SVN\NEW_USERMONITOR\ZHANGMINGXING\MONDLL64FORWIN7\X64\DEBUG\TINYXMLPARSER.OBJ
C:\USERS\LENOVO\DESKTOP\SYSCODE\FANGNUOYA\ZHANGMINGXING\MONDLL64FORWIN7\X64\DEBUG\MONDLL64FORWIN7.PCH
C:\USERS\LENOVO\DESKTOP\SYSCODE\FANGNUOYA\ZHANGMINGXING\MONDLL64FORWIN7\X64\DEBUG\STDAFX.OBJ
C:\USERS\LENOVO\DESKTOP\SYSCODE\FANGNUOYA\ZHANGMINGXING\MONDLL64FORWIN7\X64\DEBUG\VC110.PDB
C:\USERS\LENOVO\DESKTOP\SYSCODE\FANGNUOYA\ZHANGMINGXING\MONDLL64FORWIN7\X64\DEBUG\DLLMAIN.OBJ
C:\USERS\LENOVO\DESKTOP\SYSCODE\FANGNUOYA\ZHANGMINGXING\MONDLL64FORWIN7\X64\DEBUG\FILEAPIHOOK.OBJ
C:\USERS\LENOVO\DESKTOP\SYSCODE\FANGNUOYA\ZHANGMINGXING\MONDLL64FORWIN7\X64\DEBUG\HOOKAPI.OBJ
C:\USERS\LENOVO\DESKTOP\SYSCODE\FANGNUOYA\ZHANGMINGXING\MONDLL64FORWIN7\X64\DEBUG\MONDLL64FORWIN7.OBJ
C:\USERS\LENOVO\DESKTOP\SYSCODE\FANGNUOYA\ZHANGMINGXING\MONDLL64FORWIN7\X64\DEBUG\NETAPIHOOK.OBJ
C:\USERS\LENOVO\DESKTOP\SYSCODE\FANGNUOYA\ZHANGMINGXING\MONDLL64FORWIN7\X64\DEBUG\OTHERAPIHOOK.OBJ
C:\USERS\LENOVO\DESKTOP\SYSCODE\FANGNUOYA\ZHANGMINGXING\MONDLL64FORWIN7\X64\DEBUG\REGAPIHOOK.OBJ
C:\USERS\LENOVO\DESKTOP\SYSCODE\FANGNUOYA\ZHANGMINGXING\MONDLL64FORWIN7\X64\DEBUG\TINYSTR.OBJ
C:\USERS\LENOVO\DESKTOP\SYSCODE\FANGNUOYA\ZHANGMINGXING\MONDLL64FORWIN7\X64\DEBUG\TINYXML.OBJ
C:\USERS\LENOVO\DESKTOP\SYSCODE\FANGNUOYA\ZHANGMINGXING\MONDLL64FORWIN7\X64\DEBUG\TINYXMLERROR.OBJ
C:\USERS\LENOVO\DESKTOP\SYSCODE\FANGNUOYA\ZHANGMINGXING\MONDLL64FORWIN7\X64\DEBUG\TINYXMLPARSER.OBJ
C:\USERS\USER\DESKTOP\项目\SVN\NEW_USERMONITOR\ZHANGMINGXING\X64\DEBUG\MONDLL64FORWIN7.ILK
C:\USERS\USER\DESKTOP\项目\SVN\NEW_USERMONITOR\ZHANGMINGXING\X64\DEBUG\MONDLL64FORWIN7.DLL
C:\USERS\USER\DESKTOP\项目\SVN\NEW_USERMONITOR\ZHANGMINGXING\X64\DEBUG\MONDLL64FORWIN7.PDB
C:\Users\lenovo\Desktop\SysCode\fangnuoya\Zhangmingxing\MonDll64forWin7\x64\Debug\dllmain.obj
C:\Users\lenovo\Desktop\SysCode\fangnuoya\Zhangmingxing\MonDll64forWin7\x64\Debug\FileApiHook.obj
C:\Users\lenovo\Desktop\SysCode\fangnuoya\Zhangmingxing\MonDll64forWin7\x64\Debug\HookApi.obj
C:\Users\lenovo\Desktop\SysCode\fangnuoya\Zhangmingxing\MonDll64forWin7\x64\Debug\MonDll64forWin7.obj
C:\Users\lenovo\Desktop\SysCode\fangnuoya\Zhangmingxing\MonDll64forWin7\x64\Debug\NetApiHook.obj
C:\Users\lenovo\Desktop\SysCode\fangnuoya\Zhangmingxing\MonDll64forWin7\x64\Debug\OtherApiHook.obj
C:\Users\lenovo\Desktop\SysCode\fangnuoya\Zhangmingxing\MonDll64forWin7\x64\Debug\RegApiHook.obj
C:\Users\lenovo\Desktop\SysCode\fangnuoya\Zhangmingxing\MonDll64forWin7\x64\Debug\stdafx.obj
C:\Users\lenovo\Desktop\SysCode\fangnuoya\Zhangmingxing\MonDll64forWin7\x64\Debug\tinystr.obj
C:\Users\lenovo\Desktop\SysCode\fangnuoya\Zhangmingxing\MonDll64forWin7\x64\Debug\tinyxml.obj
C:\Users\lenovo\Desktop\SysCode\fangnuoya\Zhangmingxing\MonDll64forWin7\x64\Debug\tinyxmlerror.obj
C:\Users\lenovo\Desktop\SysCode\fangnuoya\Zhangmingxing\MonDll64forWin7\x64\Debug\tinyxmlparser.obj
C:\Users\lenovo\Desktop\SysCode\fangnuoya\Zhangmingxing\MonDll64forWin7\x64\Debug\cl.command.1.tlog
C:\Users\lenovo\Desktop\SysCode\fangnuoya\Zhangmingxing\MonDll64forWin7\x64\Debug\CL.read.1.tlog
C:\Users\lenovo\Desktop\SysCode\fangnuoya\Zhangmingxing\MonDll64forWin7\x64\Debug\CL.write.1.tlog
C:\Users\lenovo\Desktop\SysCode\fangnuoya\Zhangmingxing\MonDll64forWin7\x64\Debug\link-cvtres.read.1.tlog
C:\Users\lenovo\Desktop\SysCode\fangnuoya\Zhangmingxing\MonDll64forWin7\x64\Debug\link-cvtres.write.1.tlog
C:\Users\lenovo\Desktop\SysCode\fangnuoya\Zhangmingxing\MonDll64forWin7\x64\Debug\link-rc.read.1.tlog
C:\Users\lenovo\Desktop\SysCode\fangnuoya\Zhangmingxing\MonDll64forWin7\x64\Debug\link-rc.write.1.tlog
C:\Users\lenovo\Desktop\SysCode\fangnuoya\Zhangmingxing\MonDll64forWin7\x64\Debug\link.command.1.tlog
C:\Users\lenovo\Desktop\SysCode\fangnuoya\Zhangmingxing\MonDll64forWin7\x64\Debug\link.read.1.tlog
C:\Users\lenovo\Desktop\SysCode\fangnuoya\Zhangmingxing\MonDll64forWin7\x64\Debug\link.write.1.tlog
C:\Users\lenovo\Desktop\SysCode\fangnuoya\Zhangmingxing\MonDll64forWin7\x64\Debug\MonDll64forWin7.pch
C:\Users\lenovo\Desktop\SysCode\fangnuoya\Zhangmingxing\MonDll64forWin7\x64\Debug\vc110.idb
C:\Users\lenovo\Desktop\SysCode\fangnuoya\Zhangmingxing\MonDll64forWin7\x64\Debug\vc110.pdb
C:\Users\lenovo\Desktop\SysCode\fangnuoya\Zhangmingxing\x64\Debug\MonDll64forWin7.pdb
C:\Users\lenovo\Desktop\SysCode\fangnuoya\Zhangmingxing\x64\Debug\MonDll64forWin7.dll
C:\Users\lenovo\Desktop\SysCode\fangnuoya\Zhangmingxing\x64\Debug\MonDll64forWin7.ilk
