C:\USERS\LENOVO\DESKTOP\SYSCODE\FANGNUOYA\ZHANGMINGXING\MONINJECT32\DEBUG\MONINJECT32.PCH
C:\USERS\LENOVO\DESKTOP\SYSCODE\FANGNUOYA\ZHANGMINGXING\MONINJECT32\DEBUG\STDAFX.OBJ
C:\USERS\LENOVO\DESKTOP\SYSCODE\FANGNUOYA\ZHANGMINGXING\MONINJECT32\DEBUG\VC110.PDB
C:\USERS\LENOVO\DESKTOP\SYSCODE\FANGNUOYA\ZHANGMINGXING\MONINJECT32\DEBUG\MONINJECT32.OBJ
C:\USERS\LENOVO\DESKTOP\SYSCODE\FANGNUOYA\ZHANGMINGXING\DEBUG\MONINJECT32.ILK
C:\USERS\LENOVO\DESKTOP\SYSCODE\FANGNUOYA\ZHANGMINGXING\DEBUG\MONINJECT32.EXE
C:\USERS\LENOVO\DESKTOP\SYSCODE\FANGNUOYA\ZHANGMINGXING\DEBUG\MONINJECT32.PDB
E:\信工所\MonInject32\Debug\MonInject32.obj
E:\信工所\MonInject32\Debug\stdafx.obj
E:\信工所\MonInject32\Debug\cl.command.1.tlog
E:\信工所\MonInject32\Debug\CL.read.1.tlog
E:\信工所\MonInject32\Debug\CL.write.1.tlog
E:\信工所\MonInject32\Debug\link-cvtres.read.1.tlog
E:\信工所\MonInject32\Debug\link-cvtres.write.1.tlog
E:\信工所\MonInject32\Debug\link-rc.read.1.tlog
E:\信工所\MonInject32\Debug\link-rc.write.1.tlog
E:\信工所\MonInject32\Debug\link.command.1.tlog
E:\信工所\MonInject32\Debug\link.read.1.tlog
E:\信工所\MonInject32\Debug\link.write.1.tlog
E:\信工所\MonInject32\Debug\MonInject32.pch
E:\信工所\MonInject32\Debug\vc110.idb
E:\信工所\MonInject32\Debug\vc110.pdb
