E:\信工所\SYSCODE\FANGNUOYA\ZHANGMINGXING\MONDLL32\RELEASE\MONDLL32.PCH
E:\信工所\SYSCODE\FANGNUOYA\ZHANGMINGXING\MONDLL32\RELEASE\STDAFX.OBJ
E:\信工所\SYSCODE\FANGNUOYA\ZHANGMINGXING\MONDLL32\RELEASE\VC110.PDB
E:\信工所\SYSCODE\FANGNUOYA\ZHANGMINGXING\MONDLL32\RELEASE\DLLMAIN.OBJ
E:\信工所\SYSCODE\FANGNUOYA\ZHANGMINGXING\MONDLL32\RELEASE\TINYXMLPARSER.OBJ
E:\信工所\SYSCODE\FANGNUOYA\ZHANGMINGXING\MONDLL32\RELEASE\TINYXMLERROR.OBJ
E:\信工所\SYSCODE\FANGNUOYA\ZHANGMINGXING\MONDLL32\RELEASE\TINYXML.OBJ
E:\信工所\SYSCODE\FANGNUOYA\ZHANGMINGXING\MONDLL32\RELEASE\TINYSTR.OBJ
E:\信工所\SYSCODE\FANGNUOYA\ZHANGMINGXING\MONDLL32\RELEASE\REGAPIHOOK.OBJ
E:\信工所\SYSCODE\FANGNUOYA\ZHANGMINGXING\MONDLL32\RELEASE\PROCESSAPIHOOK.OBJ
E:\信工所\SYSCODE\FANGNUOYA\ZHANGMINGXING\MONDLL32\RELEASE\OTHERAPIHOOK.OBJ
E:\信工所\SYSCODE\FANGNUOYA\ZHANGMINGXING\MONDLL32\RELEASE\NETAPIHOOK.OBJ
E:\信工所\SYSCODE\FANGNUOYA\ZHANGMINGXING\MONDLL32\RELEASE\MONDLL32.OBJ
E:\信工所\SYSCODE\FANGNUOYA\ZHANGMINGXING\MONDLL32\RELEASE\HOOKAPI.OBJ
E:\信工所\SYSCODE\FANGNUOYA\ZHANGMINGXING\MONDLL32\RELEASE\FILEAPIHOOK.OBJ
E:\信工所\SYSCODE\FANGNUOYA\ZHANGMINGXING\RELEASE\MONDLL32.DLL
E:\信工所\SYSCODE\FANGNUOYA\ZHANGMINGXING\RELEASE\MONDLL32.PDB
E:\RCH\win7_x64监测\ATAD\ATAD\MonDll32\Release\dllmain.obj
E:\RCH\win7_x64监测\ATAD\ATAD\MonDll32\Release\FileApiHook.obj
E:\RCH\win7_x64监测\ATAD\ATAD\MonDll32\Release\HookApi.obj
E:\RCH\win7_x64监测\ATAD\ATAD\MonDll32\Release\MonDll32.obj
E:\RCH\win7_x64监测\ATAD\ATAD\MonDll32\Release\NetApiHook.obj
E:\RCH\win7_x64监测\ATAD\ATAD\MonDll32\Release\OtherApiHook.obj
E:\RCH\win7_x64监测\ATAD\ATAD\MonDll32\Release\ProcessApiHook.obj
E:\RCH\win7_x64监测\ATAD\ATAD\MonDll32\Release\RegApiHook.obj
E:\RCH\win7_x64监测\ATAD\ATAD\MonDll32\Release\stdafx.obj
E:\RCH\win7_x64监测\ATAD\ATAD\MonDll32\Release\tinystr.obj
E:\RCH\win7_x64监测\ATAD\ATAD\MonDll32\Release\tinyxml.obj
E:\RCH\win7_x64监测\ATAD\ATAD\MonDll32\Release\tinyxmlerror.obj
E:\RCH\win7_x64监测\ATAD\ATAD\MonDll32\Release\tinyxmlparser.obj
E:\RCH\win7_x64监测\ATAD\ATAD\MonDll32\Release\cl.command.1.tlog
E:\RCH\win7_x64监测\ATAD\ATAD\MonDll32\Release\CL.read.1.tlog
E:\RCH\win7_x64监测\ATAD\ATAD\MonDll32\Release\CL.write.1.tlog
E:\RCH\win7_x64监测\ATAD\ATAD\MonDll32\Release\link-cvtres.read.1.tlog
E:\RCH\win7_x64监测\ATAD\ATAD\MonDll32\Release\link-cvtres.write.1.tlog
E:\RCH\win7_x64监测\ATAD\ATAD\MonDll32\Release\link-rc.read.1.tlog
E:\RCH\win7_x64监测\ATAD\ATAD\MonDll32\Release\link-rc.write.1.tlog
E:\RCH\win7_x64监测\ATAD\ATAD\MonDll32\Release\link.command.1.tlog
E:\RCH\win7_x64监测\ATAD\ATAD\MonDll32\Release\link.read.1.tlog
E:\RCH\win7_x64监测\ATAD\ATAD\MonDll32\Release\link.write.1.tlog
E:\RCH\win7_x64监测\ATAD\ATAD\MonDll32\Release\MonDll32.pch
E:\RCH\win7_x64监测\ATAD\ATAD\MonDll32\Release\vc110.pdb
E:\RCH\win7_x64监测\ATAD\ATAD\Release\MonDll32.pdb
E:\RCH\win7_x64监测\ATAD\ATAD\Release\MonDll32.dll
