C:\USERS\USER\DESKTOP\项目\SVN\USERMONITOR\ZHANGMINGXING\MONINJECT\DEBUG\MAIN.OBJ
C:\USERS\USER\DESKTOP\项目\SVN\USERMONITOR\ZHANGMINGXING\MONINJECT\DEBUG\VC110.PDB
C:\USERS\USER\DESKTOP\项目\SVN\NEW_USERMONITOR\ZHANGMINGXING\MONINJECT\DEBUG\MONINJECT64.OBJ
C:\USERS\USER\DESKTOP\项目\SVN\NEW_USERMONITOR\ZHANGMINGXING\MONINJECT\DEBUG\VC110.PDB
C:\USERS\USER\DESKTOP\项目\SVN\USERMONITOR\ZHANGMINGXING\MONINJECT\DEBUG\MONINJECT64.ILK
C:\USERS\USER\DESKTOP\项目\SVN\USERMONITOR\ZHANGMINGXING\MONINJECT\DEBUG\MONINJECT64.EXE
C:\USERS\USER\DESKTOP\项目\SVN\USERMONITOR\ZHANGMINGXING\MONINJECT\DEBUG\MONINJECT64.PDB
C:\Users\User\Desktop\项目\SVN\new_UserMonitor\Zhangmingxing\MonInject\Debug\main.obj
C:\Users\User\Desktop\项目\SVN\new_UserMonitor\Zhangmingxing\MonInject\Debug\MonInject64.obj
C:\Users\User\Desktop\项目\SVN\new_UserMonitor\Zhangmingxing\MonInject\Debug\MonInject.ilk
C:\Users\User\Desktop\项目\SVN\new_UserMonitor\Zhangmingxing\MonInject\Debug\cl.command.1.tlog
C:\Users\User\Desktop\项目\SVN\new_UserMonitor\Zhangmingxing\MonInject\Debug\CL.read.1.tlog
C:\Users\User\Desktop\项目\SVN\new_UserMonitor\Zhangmingxing\MonInject\Debug\CL.write.1.tlog
C:\Users\User\Desktop\项目\SVN\new_UserMonitor\Zhangmingxing\MonInject\Debug\link-cvtres.read.1.tlog
C:\Users\User\Desktop\项目\SVN\new_UserMonitor\Zhangmingxing\MonInject\Debug\link-cvtres.write.1.tlog
C:\Users\User\Desktop\项目\SVN\new_UserMonitor\Zhangmingxing\MonInject\Debug\link-rc.read.1.tlog
C:\Users\User\Desktop\项目\SVN\new_UserMonitor\Zhangmingxing\MonInject\Debug\link-rc.write.1.tlog
C:\Users\User\Desktop\项目\SVN\new_UserMonitor\Zhangmingxing\MonInject\Debug\link.12444-cvtres.read.1.tlog
C:\Users\User\Desktop\项目\SVN\new_UserMonitor\Zhangmingxing\MonInject\Debug\link.12444-cvtres.write.1.tlog
C:\Users\User\Desktop\项目\SVN\new_UserMonitor\Zhangmingxing\MonInject\Debug\link.12444-rc.read.1.tlog
C:\Users\User\Desktop\项目\SVN\new_UserMonitor\Zhangmingxing\MonInject\Debug\link.12444-rc.write.1.tlog
C:\Users\User\Desktop\项目\SVN\new_UserMonitor\Zhangmingxing\MonInject\Debug\link.12444.read.1.tlog
C:\Users\User\Desktop\项目\SVN\new_UserMonitor\Zhangmingxing\MonInject\Debug\link.12444.write.1.tlog
C:\Users\User\Desktop\项目\SVN\new_UserMonitor\Zhangmingxing\MonInject\Debug\link.1540-cvtres.read.1.tlog
C:\Users\User\Desktop\项目\SVN\new_UserMonitor\Zhangmingxing\MonInject\Debug\link.1540-cvtres.write.1.tlog
C:\Users\User\Desktop\项目\SVN\new_UserMonitor\Zhangmingxing\MonInject\Debug\link.1540-rc.read.1.tlog
C:\Users\User\Desktop\项目\SVN\new_UserMonitor\Zhangmingxing\MonInject\Debug\link.1540-rc.write.1.tlog
C:\Users\User\Desktop\项目\SVN\new_UserMonitor\Zhangmingxing\MonInject\Debug\link.1540.read.1.tlog
C:\Users\User\Desktop\项目\SVN\new_UserMonitor\Zhangmingxing\MonInject\Debug\link.1540.write.1.tlog
C:\Users\User\Desktop\项目\SVN\new_UserMonitor\Zhangmingxing\MonInject\Debug\link.3500-cvtres.read.1.tlog
C:\Users\User\Desktop\项目\SVN\new_UserMonitor\Zhangmingxing\MonInject\Debug\link.3500-cvtres.write.1.tlog
C:\Users\User\Desktop\项目\SVN\new_UserMonitor\Zhangmingxing\MonInject\Debug\link.3500-rc.read.1.tlog
C:\Users\User\Desktop\项目\SVN\new_UserMonitor\Zhangmingxing\MonInject\Debug\link.3500-rc.write.1.tlog
C:\Users\User\Desktop\项目\SVN\new_UserMonitor\Zhangmingxing\MonInject\Debug\link.3500.read.1.tlog
C:\Users\User\Desktop\项目\SVN\new_UserMonitor\Zhangmingxing\MonInject\Debug\link.3500.write.1.tlog
C:\Users\User\Desktop\项目\SVN\new_UserMonitor\Zhangmingxing\MonInject\Debug\link.3776-cvtres.read.1.tlog
C:\Users\User\Desktop\项目\SVN\new_UserMonitor\Zhangmingxing\MonInject\Debug\link.3776-cvtres.write.1.tlog
C:\Users\User\Desktop\项目\SVN\new_UserMonitor\Zhangmingxing\MonInject\Debug\link.3776-rc.read.1.tlog
C:\Users\User\Desktop\项目\SVN\new_UserMonitor\Zhangmingxing\MonInject\Debug\link.3776-rc.write.1.tlog
C:\Users\User\Desktop\项目\SVN\new_UserMonitor\Zhangmingxing\MonInject\Debug\link.3776.read.1.tlog
C:\Users\User\Desktop\项目\SVN\new_UserMonitor\Zhangmingxing\MonInject\Debug\link.3776.write.1.tlog
C:\Users\User\Desktop\项目\SVN\new_UserMonitor\Zhangmingxing\MonInject\Debug\link.7256-cvtres.read.1.tlog
C:\Users\User\Desktop\项目\SVN\new_UserMonitor\Zhangmingxing\MonInject\Debug\link.7256-cvtres.write.1.tlog
C:\Users\User\Desktop\项目\SVN\new_UserMonitor\Zhangmingxing\MonInject\Debug\link.7256-rc.read.1.tlog
C:\Users\User\Desktop\项目\SVN\new_UserMonitor\Zhangmingxing\MonInject\Debug\link.7256-rc.write.1.tlog
C:\Users\User\Desktop\项目\SVN\new_UserMonitor\Zhangmingxing\MonInject\Debug\link.7256.read.1.tlog
C:\Users\User\Desktop\项目\SVN\new_UserMonitor\Zhangmingxing\MonInject\Debug\link.7256.write.1.tlog
C:\Users\User\Desktop\项目\SVN\new_UserMonitor\Zhangmingxing\MonInject\Debug\link.9748-cvtres.read.1.tlog
C:\Users\User\Desktop\项目\SVN\new_UserMonitor\Zhangmingxing\MonInject\Debug\link.9748-cvtres.write.1.tlog
C:\Users\User\Desktop\项目\SVN\new_UserMonitor\Zhangmingxing\MonInject\Debug\link.9748-rc.read.1.tlog
C:\Users\User\Desktop\项目\SVN\new_UserMonitor\Zhangmingxing\MonInject\Debug\link.9748-rc.write.1.tlog
C:\Users\User\Desktop\项目\SVN\new_UserMonitor\Zhangmingxing\MonInject\Debug\link.9748.read.1.tlog
C:\Users\User\Desktop\项目\SVN\new_UserMonitor\Zhangmingxing\MonInject\Debug\link.9748.write.1.tlog
C:\Users\User\Desktop\项目\SVN\new_UserMonitor\Zhangmingxing\MonInject\Debug\link.command.1.tlog
C:\Users\User\Desktop\项目\SVN\new_UserMonitor\Zhangmingxing\MonInject\Debug\link.read.1.tlog
C:\Users\User\Desktop\项目\SVN\new_UserMonitor\Zhangmingxing\MonInject\Debug\link.write.1.tlog
C:\Users\User\Desktop\项目\SVN\new_UserMonitor\Zhangmingxing\MonInject\Debug\MonInject.write.1.tlog
C:\Users\User\Desktop\项目\SVN\new_UserMonitor\Zhangmingxing\MonInject\Debug\rc.command.1.tlog
C:\Users\User\Desktop\项目\SVN\new_UserMonitor\Zhangmingxing\MonInject\Debug\rc.read.1.tlog
C:\Users\User\Desktop\项目\SVN\new_UserMonitor\Zhangmingxing\MonInject\Debug\rc.write.1.tlog
C:\Users\User\Desktop\项目\SVN\new_UserMonitor\Zhangmingxing\MonInject\Debug\MonInject.exe.embed.manifest
C:\Users\User\Desktop\项目\SVN\new_UserMonitor\Zhangmingxing\MonInject\Debug\MonInject.exe.intermediate.manifest
C:\Users\User\Desktop\项目\SVN\new_UserMonitor\Zhangmingxing\MonInject\Debug\MonInject.exe.embed.manifest.res
C:\Users\User\Desktop\项目\SVN\new_UserMonitor\Zhangmingxing\MonInject\Debug\vc110.idb
C:\Users\User\Desktop\项目\SVN\new_UserMonitor\Zhangmingxing\MonInject\Debug\MonInject.pdb
C:\Users\User\Desktop\项目\SVN\new_UserMonitor\Zhangmingxing\MonInject\Debug\MonInject64.pdb
C:\Users\User\Desktop\项目\SVN\new_UserMonitor\Zhangmingxing\MonInject\Debug\vc110.pdb
C:\Users\User\Desktop\项目\SVN\new_UserMonitor\Zhangmingxing\MonInject\Debug\MonInject_manifest.rc
C:\Users\User\Desktop\项目\SVN\new_UserMonitor\Zhangmingxing\MonInject\Debug\config.xml
