生成启动时间为 2016/8/22 15:35:43。
     1>项目“E:\信工所\MonInject\MonInject.vcxproj”在节点 2 上(Build 个目标)。
     1>ClCompile:
         C:\Program Files (x86)\Microsoft Visual Studio 11.0\VC\bin\CL.exe /c /ZI /nologo /W3 /WX- /Od /Oy- /D WIN32 /D _DEBUG /D _WINDOWS /D _MBCS /Gm /EHsc /RTC1 /MTd /GS /fp:precise /Zc:wchar_t /Zc:forScope /Fo"Debug\\" /Fd"Debug\vc110.pdb" /Gd /TP /analyze- /errorReport:prompt MonInject64.cpp
         MonInject64.cpp
     1>e:\信工所\moninject\moninject64.cpp(462): warning C4996: 'wcscat': This function or variable may be unsafe. Consider using wcscat_s instead. To disable deprecation, use _CRT_SECURE_NO_WARNINGS. See online help for details.
                 c:\program files (x86)\microsoft visual studio 11.0\vc\include\string.h(279) : 参见“wcscat”的声明
     1>e:\信工所\moninject\moninject64.cpp(463): warning C4996: 'wcscat': This function or variable may be unsafe. Consider using wcscat_s instead. To disable deprecation, use _CRT_SECURE_NO_WARNINGS. See online help for details.
                 c:\program files (x86)\microsoft visual studio 11.0\vc\include\string.h(279) : 参见“wcscat”的声明
     1>e:\信工所\moninject\moninject64.cpp(464): warning C4996: 'wcscat': This function or variable may be unsafe. Consider using wcscat_s instead. To disable deprecation, use _CRT_SECURE_NO_WARNINGS. See online help for details.
                 c:\program files (x86)\microsoft visual studio 11.0\vc\include\string.h(279) : 参见“wcscat”的声明
     1>e:\信工所\moninject\moninject64.cpp(537): warning C4800: “BOOL”: 将值强制为布尔值“true”或“false”(性能警告)
     1>e:\信工所\moninject\moninject64.cpp(455): warning C4101: “ch1”: 未引用的局部变量
     1>e:\信工所\moninject\moninject64.cpp(454): warning C4101: “ch”: 未引用的局部变量
       Link:
         C:\Program Files (x86)\Microsoft Visual Studio 11.0\VC\bin\link.exe /ERRORREPORT:PROMPT /OUT:"E:\信工所\MonInject\Debug\MonInject64.exe" /INCREMENTAL /NOLOGO kernel32.lib user32.lib gdi32.lib winspool.lib comdlg32.lib advapi32.lib shell32.lib ole32.lib oleaut32.lib uuid.lib odbc32.lib odbccp32.lib /MANIFEST /MANIFESTUAC:"level='asInvoker' uiAccess='false'" /manifest:embed /DEBUG /PDB:"E:\信工所\MonInject\Debug\MonInject64.pdb" /SUBSYSTEM:WINDOWS /TLBID:1 /DYNAMICBASE /NXCOMPAT /IMPLIB:"E:\信工所\MonInject\Debug\MonInject64.lib" /MACHINE:X86 Debug\MonInject64.obj
         Debug\MyOutputDebugString.obj
         MonInject.vcxproj -> E:\信工所\MonInject\Debug\MonInject64.exe
     1>已完成生成项目“E:\信工所\MonInject\MonInject.vcxproj”(Build 个目标)的操作。

生成成功。

已用时间 00:00:01.58
