C:\USERS\LENOVO\DESKTOP\SYSCODE\FANGNUOYA\ZHANGMINGXING\REGOPERATION\DEBUG\REGOPERATION.PCH
C:\USERS\LENOVO\DESKTOP\SYSCODE\FANGNUOYA\ZHANGMINGXING\REGOPERATION\DEBUG\STDAFX.OBJ
C:\USERS\LENOVO\DESKTOP\SYSCODE\FANGNUOYA\ZHANGMINGXING\REGOPERATION\DEBUG\VC110.PDB
C:\USERS\LENOVO\DESKTOP\SYSCODE\FANGNUOYA\ZHANGMINGXING\REGOPERATION\DEBUG\REGOPERATION.OBJ
C:\USERS\LENOVO\DESKTOP\SYSCODE\FANGNUOYA\ZHANGMINGXING\DEBUG\REGOPERATION.ILK
C:\USERS\LENOVO\DESKTOP\SYSCODE\FANGNUOYA\ZHANGMINGXING\DEBUG\REGOPERATION.EXE
C:\USERS\LENOVO\DESKTOP\SYSCODE\FANGNUOYA\ZHANGMINGXING\DEBUG\REGOPERATION.PDB
E:\RCH\win7_x64监测\ATAD\ATAD\RegOperation\Debug\RegOperation.obj
E:\RCH\win7_x64监测\ATAD\ATAD\RegOperation\Debug\stdafx.obj
E:\RCH\win7_x64监测\ATAD\ATAD\RegOperation\Debug\cl.command.1.tlog
E:\RCH\win7_x64监测\ATAD\ATAD\RegOperation\Debug\CL.read.1.tlog
E:\RCH\win7_x64监测\ATAD\ATAD\RegOperation\Debug\CL.write.1.tlog
E:\RCH\win7_x64监测\ATAD\ATAD\RegOperation\Debug\link-cvtres.read.1.tlog
E:\RCH\win7_x64监测\ATAD\ATAD\RegOperation\Debug\link-cvtres.write.1.tlog
E:\RCH\win7_x64监测\ATAD\ATAD\RegOperation\Debug\link-rc.read.1.tlog
E:\RCH\win7_x64监测\ATAD\ATAD\RegOperation\Debug\link-rc.write.1.tlog
E:\RCH\win7_x64监测\ATAD\ATAD\RegOperation\Debug\link.command.1.tlog
E:\RCH\win7_x64监测\ATAD\ATAD\RegOperation\Debug\link.read.1.tlog
E:\RCH\win7_x64监测\ATAD\ATAD\RegOperation\Debug\link.write.1.tlog
E:\RCH\win7_x64监测\ATAD\ATAD\RegOperation\Debug\RegOperation.pch
E:\RCH\win7_x64监测\ATAD\ATAD\RegOperation\Debug\vc110.idb
E:\RCH\win7_x64监测\ATAD\ATAD\RegOperation\Debug\vc110.pdb
E:\RCH\win7_x64监测\ATAD\ATAD\Debug\RegOperation.pdb
E:\RCH\win7_x64监测\ATAD\ATAD\Debug\RegOperation.exe
E:\RCH\win7_x64监测\ATAD\ATAD\Debug\RegOperation.ilk
