C:\USERS\LENOVO\DESKTOP\SYSCODE\FANGNUOYA\ZHANGMINGXING\SYSMONSTRAY\X64\DEBUG\SYSMONSTRAY.PCH
C:\USERS\LENOVO\DESKTOP\SYSCODE\FANGNUOYA\ZHANGMINGXING\SYSMONSTRAY\X64\DEBUG\STDAFX.OBJ
C:\USERS\LENOVO\DESKTOP\SYSCODE\FANGNUOYA\ZHANGMINGXING\SYSMONSTRAY\X64\DEBUG\VC110.PDB
C:\USERS\LENOVO\DESKTOP\SYSCODE\FANGNUOYA\ZHANGMINGXING\SYSMONSTRAY\X64\DEBUG\SYSMONSTRAY.OBJ
C:\USERS\LENOVO\DESKTOP\SYSCODE\FANGNUOYA\ZHANGMINGXING\X64\DEBUG\SYSMONSTRAY.ILK
C:\USERS\LENOVO\DESKTOP\SYSCODE\FANGNUOYA\ZHANGMINGXING\X64\DEBUG\SYSMONSTRAY.EXE
C:\USERS\LENOVO\DESKTOP\SYSCODE\FANGNUOYA\ZHANGMINGXING\X64\DEBUG\SYSMONSTRAY.PDB
E:\RCH\win7_x64监测\ATAD\ATAD\SysMonsTray\x64\Debug\stdafx.obj
E:\RCH\win7_x64监测\ATAD\ATAD\SysMonsTray\x64\Debug\SysMonsTray.obj
E:\RCH\win7_x64监测\ATAD\ATAD\SysMonsTray\x64\Debug\cl.command.1.tlog
E:\RCH\win7_x64监测\ATAD\ATAD\SysMonsTray\x64\Debug\CL.read.1.tlog
E:\RCH\win7_x64监测\ATAD\ATAD\SysMonsTray\x64\Debug\CL.write.1.tlog
E:\RCH\win7_x64监测\ATAD\ATAD\SysMonsTray\x64\Debug\link-cvtres.read.1.tlog
E:\RCH\win7_x64监测\ATAD\ATAD\SysMonsTray\x64\Debug\link-cvtres.write.1.tlog
E:\RCH\win7_x64监测\ATAD\ATAD\SysMonsTray\x64\Debug\link-rc.read.1.tlog
E:\RCH\win7_x64监测\ATAD\ATAD\SysMonsTray\x64\Debug\link-rc.write.1.tlog
E:\RCH\win7_x64监测\ATAD\ATAD\SysMonsTray\x64\Debug\link.command.1.tlog
E:\RCH\win7_x64监测\ATAD\ATAD\SysMonsTray\x64\Debug\link.read.1.tlog
E:\RCH\win7_x64监测\ATAD\ATAD\SysMonsTray\x64\Debug\link.write.1.tlog
E:\RCH\win7_x64监测\ATAD\ATAD\SysMonsTray\x64\Debug\SysMonsTray.pch
E:\RCH\win7_x64监测\ATAD\ATAD\SysMonsTray\x64\Debug\vc110.idb
E:\RCH\win7_x64监测\ATAD\ATAD\SysMonsTray\x64\Debug\vc110.pdb
E:\RCH\win7_x64监测\ATAD\ATAD\x64\Debug\SysMonsTray.pdb
E:\RCH\win7_x64监测\ATAD\ATAD\x64\Debug\SysMonsTray.exe
E:\RCH\win7_x64监测\ATAD\ATAD\x64\Debug\SysMonsTray.ilk
