C:\USERS\LENOVO\DESKTOP\SYSCODE\FANGNUOYA\ZHANGMINGXING\FILEOPERATION\DEBUG\FILEOPERATION.PCH
C:\USERS\LENOVO\DESKTOP\SYSCODE\FANGNUOYA\ZHANGMINGXING\FILEOPERATION\DEBUG\STDAFX.OBJ
C:\USERS\LENOVO\DESKTOP\SYSCODE\FANGNUOYA\ZHANGMINGXING\FILEOPERATION\DEBUG\VC110.PDB
C:\USERS\LENOVO\DESKTOP\SYSCODE\FANGNUOYA\ZHANGMINGXING\FILEOPERATION\DEBUG\FILEOPERATION.OBJ
C:\USERS\LENOVO\DESKTOP\SYSCODE\FANGNUOYA\ZHANGMINGXING\DEBUG\FILEOPERATION.ILK
C:\USERS\LENOVO\DESKTOP\SYSCODE\FANGNUOYA\ZHANGMINGXING\DEBUG\FILEOPERATION.EXE
C:\USERS\LENOVO\DESKTOP\SYSCODE\FANGNUOYA\ZHANGMINGXING\DEBUG\FILEOPERATION.PDB
E:\RCH\win7_x64监测\ATAD\ATAD\FileOperation\Debug\FileOperation.obj
E:\RCH\win7_x64监测\ATAD\ATAD\FileOperation\Debug\stdafx.obj
E:\RCH\win7_x64监测\ATAD\ATAD\FileOperation\Debug\cl.command.1.tlog
E:\RCH\win7_x64监测\ATAD\ATAD\FileOperation\Debug\CL.read.1.tlog
E:\RCH\win7_x64监测\ATAD\ATAD\FileOperation\Debug\CL.write.1.tlog
E:\RCH\win7_x64监测\ATAD\ATAD\FileOperation\Debug\link-cvtres.read.1.tlog
E:\RCH\win7_x64监测\ATAD\ATAD\FileOperation\Debug\link-cvtres.write.1.tlog
E:\RCH\win7_x64监测\ATAD\ATAD\FileOperation\Debug\link-rc.read.1.tlog
E:\RCH\win7_x64监测\ATAD\ATAD\FileOperation\Debug\link-rc.write.1.tlog
E:\RCH\win7_x64监测\ATAD\ATAD\FileOperation\Debug\link.10384-cvtres.read.1.tlog
E:\RCH\win7_x64监测\ATAD\ATAD\FileOperation\Debug\link.10384-cvtres.write.1.tlog
E:\RCH\win7_x64监测\ATAD\ATAD\FileOperation\Debug\link.10384-rc.read.1.tlog
E:\RCH\win7_x64监测\ATAD\ATAD\FileOperation\Debug\link.10384-rc.write.1.tlog
E:\RCH\win7_x64监测\ATAD\ATAD\FileOperation\Debug\link.10384.read.1.tlog
E:\RCH\win7_x64监测\ATAD\ATAD\FileOperation\Debug\link.10384.write.1.tlog
E:\RCH\win7_x64监测\ATAD\ATAD\FileOperation\Debug\link.10988-cvtres.read.1.tlog
E:\RCH\win7_x64监测\ATAD\ATAD\FileOperation\Debug\link.10988-cvtres.write.1.tlog
E:\RCH\win7_x64监测\ATAD\ATAD\FileOperation\Debug\link.10988-rc.read.1.tlog
E:\RCH\win7_x64监测\ATAD\ATAD\FileOperation\Debug\link.10988-rc.write.1.tlog
E:\RCH\win7_x64监测\ATAD\ATAD\FileOperation\Debug\link.10988.read.1.tlog
E:\RCH\win7_x64监测\ATAD\ATAD\FileOperation\Debug\link.10988.write.1.tlog
E:\RCH\win7_x64监测\ATAD\ATAD\FileOperation\Debug\link.11060-cvtres.read.1.tlog
E:\RCH\win7_x64监测\ATAD\ATAD\FileOperation\Debug\link.11060-cvtres.write.1.tlog
E:\RCH\win7_x64监测\ATAD\ATAD\FileOperation\Debug\link.11060-rc.read.1.tlog
E:\RCH\win7_x64监测\ATAD\ATAD\FileOperation\Debug\link.11060-rc.write.1.tlog
E:\RCH\win7_x64监测\ATAD\ATAD\FileOperation\Debug\link.11060.read.1.tlog
E:\RCH\win7_x64监测\ATAD\ATAD\FileOperation\Debug\link.11060.write.1.tlog
E:\RCH\win7_x64监测\ATAD\ATAD\FileOperation\Debug\link.4208-cvtres.read.1.tlog
E:\RCH\win7_x64监测\ATAD\ATAD\FileOperation\Debug\link.4208-cvtres.write.1.tlog
E:\RCH\win7_x64监测\ATAD\ATAD\FileOperation\Debug\link.4208-rc.read.1.tlog
E:\RCH\win7_x64监测\ATAD\ATAD\FileOperation\Debug\link.4208-rc.write.1.tlog
E:\RCH\win7_x64监测\ATAD\ATAD\FileOperation\Debug\link.4208.read.1.tlog
E:\RCH\win7_x64监测\ATAD\ATAD\FileOperation\Debug\link.4208.write.1.tlog
E:\RCH\win7_x64监测\ATAD\ATAD\FileOperation\Debug\link.5616-cvtres.read.1.tlog
E:\RCH\win7_x64监测\ATAD\ATAD\FileOperation\Debug\link.5616-cvtres.write.1.tlog
E:\RCH\win7_x64监测\ATAD\ATAD\FileOperation\Debug\link.5616-rc.read.1.tlog
E:\RCH\win7_x64监测\ATAD\ATAD\FileOperation\Debug\link.5616-rc.write.1.tlog
E:\RCH\win7_x64监测\ATAD\ATAD\FileOperation\Debug\link.5616.read.1.tlog
E:\RCH\win7_x64监测\ATAD\ATAD\FileOperation\Debug\link.5616.write.1.tlog
E:\RCH\win7_x64监测\ATAD\ATAD\FileOperation\Debug\link.6252-cvtres.read.1.tlog
E:\RCH\win7_x64监测\ATAD\ATAD\FileOperation\Debug\link.6252-cvtres.write.1.tlog
E:\RCH\win7_x64监测\ATAD\ATAD\FileOperation\Debug\link.6252-rc.read.1.tlog
E:\RCH\win7_x64监测\ATAD\ATAD\FileOperation\Debug\link.6252-rc.write.1.tlog
E:\RCH\win7_x64监测\ATAD\ATAD\FileOperation\Debug\link.6252.read.1.tlog
E:\RCH\win7_x64监测\ATAD\ATAD\FileOperation\Debug\link.6252.write.1.tlog
E:\RCH\win7_x64监测\ATAD\ATAD\FileOperation\Debug\link.7712-cvtres.read.1.tlog
E:\RCH\win7_x64监测\ATAD\ATAD\FileOperation\Debug\link.7712-cvtres.write.1.tlog
E:\RCH\win7_x64监测\ATAD\ATAD\FileOperation\Debug\link.7712-rc.read.1.tlog
E:\RCH\win7_x64监测\ATAD\ATAD\FileOperation\Debug\link.7712-rc.write.1.tlog
E:\RCH\win7_x64监测\ATAD\ATAD\FileOperation\Debug\link.7712.read.1.tlog
E:\RCH\win7_x64监测\ATAD\ATAD\FileOperation\Debug\link.7712.write.1.tlog
E:\RCH\win7_x64监测\ATAD\ATAD\FileOperation\Debug\link.8104-cvtres.read.1.tlog
E:\RCH\win7_x64监测\ATAD\ATAD\FileOperation\Debug\link.8104-cvtres.write.1.tlog
E:\RCH\win7_x64监测\ATAD\ATAD\FileOperation\Debug\link.8104-rc.read.1.tlog
E:\RCH\win7_x64监测\ATAD\ATAD\FileOperation\Debug\link.8104-rc.write.1.tlog
E:\RCH\win7_x64监测\ATAD\ATAD\FileOperation\Debug\link.8104.read.1.tlog
E:\RCH\win7_x64监测\ATAD\ATAD\FileOperation\Debug\link.8104.write.1.tlog
E:\RCH\win7_x64监测\ATAD\ATAD\FileOperation\Debug\link.8528-cvtres.read.1.tlog
E:\RCH\win7_x64监测\ATAD\ATAD\FileOperation\Debug\link.8528-cvtres.write.1.tlog
E:\RCH\win7_x64监测\ATAD\ATAD\FileOperation\Debug\link.8528-rc.read.1.tlog
E:\RCH\win7_x64监测\ATAD\ATAD\FileOperation\Debug\link.8528-rc.write.1.tlog
E:\RCH\win7_x64监测\ATAD\ATAD\FileOperation\Debug\link.8528.read.1.tlog
E:\RCH\win7_x64监测\ATAD\ATAD\FileOperation\Debug\link.8528.write.1.tlog
E:\RCH\win7_x64监测\ATAD\ATAD\FileOperation\Debug\link.8740-cvtres.read.1.tlog
E:\RCH\win7_x64监测\ATAD\ATAD\FileOperation\Debug\link.8740-cvtres.write.1.tlog
E:\RCH\win7_x64监测\ATAD\ATAD\FileOperation\Debug\link.8740-rc.read.1.tlog
E:\RCH\win7_x64监测\ATAD\ATAD\FileOperation\Debug\link.8740-rc.write.1.tlog
E:\RCH\win7_x64监测\ATAD\ATAD\FileOperation\Debug\link.8740.read.1.tlog
E:\RCH\win7_x64监测\ATAD\ATAD\FileOperation\Debug\link.8740.write.1.tlog
E:\RCH\win7_x64监测\ATAD\ATAD\FileOperation\Debug\link.8784-cvtres.read.1.tlog
E:\RCH\win7_x64监测\ATAD\ATAD\FileOperation\Debug\link.8784-cvtres.write.1.tlog
E:\RCH\win7_x64监测\ATAD\ATAD\FileOperation\Debug\link.8784-rc.read.1.tlog
E:\RCH\win7_x64监测\ATAD\ATAD\FileOperation\Debug\link.8784-rc.write.1.tlog
E:\RCH\win7_x64监测\ATAD\ATAD\FileOperation\Debug\link.8784.read.1.tlog
E:\RCH\win7_x64监测\ATAD\ATAD\FileOperation\Debug\link.8784.write.1.tlog
E:\RCH\win7_x64监测\ATAD\ATAD\FileOperation\Debug\link.command.1.tlog
E:\RCH\win7_x64监测\ATAD\ATAD\FileOperation\Debug\link.read.1.tlog
E:\RCH\win7_x64监测\ATAD\ATAD\FileOperation\Debug\link.write.1.tlog
E:\RCH\win7_x64监测\ATAD\ATAD\FileOperation\Debug\FileOperation.pch
E:\RCH\win7_x64监测\ATAD\ATAD\FileOperation\Debug\vc110.idb
E:\RCH\win7_x64监测\ATAD\ATAD\FileOperation\Debug\vc110.pdb
E:\RCH\win7_x64监测\ATAD\ATAD\Debug\FileOperation.pdb
E:\RCH\win7_x64监测\ATAD\ATAD\Debug\FileOperation.exe
E:\RCH\win7_x64监测\ATAD\ATAD\Debug\FileOperation.ilk
