C:\USERS\USER\DESKTOP\项目\SVN\NEW_USERMONITOR\ZHANGMINGXING\SYSMONSTRAY\DEBUG\SYSMONSTRAY.PCH
C:\USERS\USER\DESKTOP\项目\SVN\NEW_USERMONITOR\ZHANGMINGXING\SYSMONSTRAY\DEBUG\STDAFX.OBJ
C:\USERS\USER\DESKTOP\项目\SVN\NEW_USERMONITOR\ZHANGMINGXING\SYSMONSTRAY\DEBUG\VC110.PDB
C:\USERS\USER\DESKTOP\项目\SVN\NEW_USERMONITOR\ZHANGMINGXING\SYSMONSTRAY\DEBUG\SYSMONSTRAY.OBJ
C:\USERS\USER\DESKTOP\项目\SVN\NEW_USERMONITOR\ZHANGMINGXING\DEBUG\SYSMONSTRAY.ILK
C:\USERS\USER\DESKTOP\项目\SVN\NEW_USERMONITOR\ZHANGMINGXING\DEBUG\SYSMONSTRAY.EXE
C:\USERS\USER\DESKTOP\项目\SVN\NEW_USERMONITOR\ZHANGMINGXING\DEBUG\SYSMONSTRAY.PDB
C:\Users\User\Desktop\项目\SVN\new_UserMonitor\Zhangmingxing\SysMonsTray\Debug\stdafx.obj
C:\Users\User\Desktop\项目\SVN\new_UserMonitor\Zhangmingxing\SysMonsTray\Debug\SysMonsTray.obj
C:\Users\User\Desktop\项目\SVN\new_UserMonitor\Zhangmingxing\SysMonsTray\Debug\cl.command.1.tlog
C:\Users\User\Desktop\项目\SVN\new_UserMonitor\Zhangmingxing\SysMonsTray\Debug\CL.read.1.tlog
C:\Users\User\Desktop\项目\SVN\new_UserMonitor\Zhangmingxing\SysMonsTray\Debug\CL.write.1.tlog
C:\Users\User\Desktop\项目\SVN\new_UserMonitor\Zhangmingxing\SysMonsTray\Debug\link-cvtres.read.1.tlog
C:\Users\User\Desktop\项目\SVN\new_UserMonitor\Zhangmingxing\SysMonsTray\Debug\link-cvtres.write.1.tlog
C:\Users\User\Desktop\项目\SVN\new_UserMonitor\Zhangmingxing\SysMonsTray\Debug\link-rc.read.1.tlog
C:\Users\User\Desktop\项目\SVN\new_UserMonitor\Zhangmingxing\SysMonsTray\Debug\link-rc.write.1.tlog
C:\Users\User\Desktop\项目\SVN\new_UserMonitor\Zhangmingxing\SysMonsTray\Debug\link.command.1.tlog
C:\Users\User\Desktop\项目\SVN\new_UserMonitor\Zhangmingxing\SysMonsTray\Debug\link.read.1.tlog
C:\Users\User\Desktop\项目\SVN\new_UserMonitor\Zhangmingxing\SysMonsTray\Debug\link.write.1.tlog
C:\Users\User\Desktop\项目\SVN\new_UserMonitor\Zhangmingxing\SysMonsTray\Debug\SysMonsTray.pch
C:\Users\User\Desktop\项目\SVN\new_UserMonitor\Zhangmingxing\SysMonsTray\Debug\vc110.idb
C:\Users\User\Desktop\项目\SVN\new_UserMonitor\Zhangmingxing\SysMonsTray\Debug\vc110.pdb
C:\Users\User\Desktop\项目\SVN\new_UserMonitor\Zhangmingxing\Debug\SysMonsTray.pdb
C:\Users\User\Desktop\项目\SVN\new_UserMonitor\Zhangmingxing\Debug\SysMonsTray.exe
C:\Users\User\Desktop\项目\SVN\new_UserMonitor\Zhangmingxing\Debug\SysMonsTray.ilk
