C:\USERS\USER\DESKTOP\项目\SVN\NEW_USERMONITOR\ZHANGMINGXING\MONDLL32\DEBUG\MONDLL32.PCH
C:\USERS\USER\DESKTOP\项目\SVN\NEW_USERMONITOR\ZHANGMINGXING\MONDLL32\DEBUG\STDAFX.OBJ
C:\USERS\USER\DESKTOP\项目\SVN\NEW_USERMONITOR\ZHANGMINGXING\MONDLL32\DEBUG\VC110.PDB
C:\USERS\USER\DESKTOP\项目\SVN\NEW_USERMONITOR\ZHANGMINGXING\MONDLL32\DEBUG\DLLMAIN.OBJ
C:\USERS\USER\DESKTOP\项目\SVN\NEW_USERMONITOR\ZHANGMINGXING\MONDLL32\DEBUG\FILEAPIHOOK.OBJ
C:\USERS\USER\DESKTOP\项目\SVN\NEW_USERMONITOR\ZHANGMINGXING\MONDLL32\DEBUG\HOOKAPI.OBJ
C:\USERS\USER\DESKTOP\项目\SVN\NEW_USERMONITOR\ZHANGMINGXING\MONDLL32\DEBUG\MONDLL32.OBJ
C:\USERS\USER\DESKTOP\项目\SVN\NEW_USERMONITOR\ZHANGMINGXING\MONDLL32\DEBUG\NETAPIHOOK.OBJ
C:\USERS\USER\DESKTOP\项目\SVN\NEW_USERMONITOR\ZHANGMINGXING\MONDLL32\DEBUG\OTHERAPIHOOK.OBJ
C:\USERS\USER\DESKTOP\项目\SVN\NEW_USERMONITOR\ZHANGMINGXING\MONDLL32\DEBUG\PROCESSAPIHOOK.OBJ
C:\USERS\USER\DESKTOP\项目\SVN\NEW_USERMONITOR\ZHANGMINGXING\MONDLL32\DEBUG\REGAPIHOOK.OBJ
C:\USERS\USER\DESKTOP\项目\SVN\NEW_USERMONITOR\ZHANGMINGXING\MONDLL32\DEBUG\TINYSTR.OBJ
C:\USERS\USER\DESKTOP\项目\SVN\NEW_USERMONITOR\ZHANGMINGXING\MONDLL32\DEBUG\TINYXML.OBJ
C:\USERS\USER\DESKTOP\项目\SVN\NEW_USERMONITOR\ZHANGMINGXING\MONDLL32\DEBUG\TINYXMLERROR.OBJ
C:\USERS\USER\DESKTOP\项目\SVN\NEW_USERMONITOR\ZHANGMINGXING\MONDLL32\DEBUG\TINYXMLPARSER.OBJ
C:\USERS\USER\DESKTOP\项目\SVN\NEW_USERMONITOR\ZHANGMINGXING\DEBUG\MONDLL32.ILK
C:\USERS\USER\DESKTOP\项目\SVN\NEW_USERMONITOR\ZHANGMINGXING\DEBUG\MONDLL32.DLL
C:\USERS\USER\DESKTOP\项目\SVN\NEW_USERMONITOR\ZHANGMINGXING\DEBUG\MONDLL32.PDB
C:\Users\User\Desktop\项目\SVN\new_UserMonitor\Zhangmingxing\MonDll32\Debug\dllmain.obj
C:\Users\User\Desktop\项目\SVN\new_UserMonitor\Zhangmingxing\MonDll32\Debug\FileApiHook.obj
C:\Users\User\Desktop\项目\SVN\new_UserMonitor\Zhangmingxing\MonDll32\Debug\HookApi.obj
C:\Users\User\Desktop\项目\SVN\new_UserMonitor\Zhangmingxing\MonDll32\Debug\MonDll32.obj
C:\Users\User\Desktop\项目\SVN\new_UserMonitor\Zhangmingxing\MonDll32\Debug\NetApiHook.obj
C:\Users\User\Desktop\项目\SVN\new_UserMonitor\Zhangmingxing\MonDll32\Debug\OtherApiHook.obj
C:\Users\User\Desktop\项目\SVN\new_UserMonitor\Zhangmingxing\MonDll32\Debug\ProcessApiHook.obj
C:\Users\User\Desktop\项目\SVN\new_UserMonitor\Zhangmingxing\MonDll32\Debug\RegApiHook.obj
C:\Users\User\Desktop\项目\SVN\new_UserMonitor\Zhangmingxing\MonDll32\Debug\stdafx.obj
C:\Users\User\Desktop\项目\SVN\new_UserMonitor\Zhangmingxing\MonDll32\Debug\tinystr.obj
C:\Users\User\Desktop\项目\SVN\new_UserMonitor\Zhangmingxing\MonDll32\Debug\tinyxml.obj
C:\Users\User\Desktop\项目\SVN\new_UserMonitor\Zhangmingxing\MonDll32\Debug\tinyxmlerror.obj
C:\Users\User\Desktop\项目\SVN\new_UserMonitor\Zhangmingxing\MonDll32\Debug\tinyxmlparser.obj
C:\Users\User\Desktop\项目\SVN\new_UserMonitor\Zhangmingxing\MonDll32\Debug\cl.command.1.tlog
C:\Users\User\Desktop\项目\SVN\new_UserMonitor\Zhangmingxing\MonDll32\Debug\CL.read.1.tlog
C:\Users\User\Desktop\项目\SVN\new_UserMonitor\Zhangmingxing\MonDll32\Debug\CL.write.1.tlog
C:\Users\User\Desktop\项目\SVN\new_UserMonitor\Zhangmingxing\MonDll32\Debug\link-cvtres.read.1.tlog
C:\Users\User\Desktop\项目\SVN\new_UserMonitor\Zhangmingxing\MonDll32\Debug\link-cvtres.write.1.tlog
C:\Users\User\Desktop\项目\SVN\new_UserMonitor\Zhangmingxing\MonDll32\Debug\link-rc.read.1.tlog
C:\Users\User\Desktop\项目\SVN\new_UserMonitor\Zhangmingxing\MonDll32\Debug\link-rc.write.1.tlog
C:\Users\User\Desktop\项目\SVN\new_UserMonitor\Zhangmingxing\MonDll32\Debug\link.command.1.tlog
C:\Users\User\Desktop\项目\SVN\new_UserMonitor\Zhangmingxing\MonDll32\Debug\link.read.1.tlog
C:\Users\User\Desktop\项目\SVN\new_UserMonitor\Zhangmingxing\MonDll32\Debug\link.write.1.tlog
C:\Users\User\Desktop\项目\SVN\new_UserMonitor\Zhangmingxing\MonDll32\Debug\MonDll32.pch
C:\Users\User\Desktop\项目\SVN\new_UserMonitor\Zhangmingxing\MonDll32\Debug\vc110.idb
C:\Users\User\Desktop\项目\SVN\new_UserMonitor\Zhangmingxing\MonDll32\Debug\vc110.pdb
C:\Users\User\Desktop\项目\SVN\new_UserMonitor\Zhangmingxing\Debug\MonDll32.pdb
C:\Users\User\Desktop\项目\SVN\new_UserMonitor\Zhangmingxing\Debug\MonDll32.dll
C:\Users\User\Desktop\项目\SVN\new_UserMonitor\Zhangmingxing\Debug\MonDll32.ilk
