C:\USERS\LENOVO\DESKTOP\SYSCODE\FANGNUOYA\ZHANGMINGXING\SHUTDOWN\DEBUG\SHUTDOWN.PCH
C:\USERS\LENOVO\DESKTOP\SYSCODE\FANGNUOYA\ZHANGMINGXING\SHUTDOWN\DEBUG\STDAFX.OBJ
C:\USERS\LENOVO\DESKTOP\SYSCODE\FANGNUOYA\ZHANGMINGXING\SHUTDOWN\DEBUG\VC110.PDB
C:\USERS\LENOVO\DESKTOP\SYSCODE\FANGNUOYA\ZHANGMINGXING\SHUTDOWN\DEBUG\SHUTDOWN.OBJ
C:\USERS\LENOVO\DESKTOP\SYSCODE\FANGNUOYA\ZHANGMINGXING\DEBUG\SHUTDOWN.ILK
C:\USERS\LENOVO\DESKTOP\SYSCODE\FANGNUOYA\ZHANGMINGXING\DEBUG\SHUTDOWN.EXE
C:\USERS\LENOVO\DESKTOP\SYSCODE\FANGNUOYA\ZHANGMINGXING\DEBUG\SHUTDOWN.PDB
E:\RCH\win7_x64监测\ATAD\ATAD\ShutDown\Debug\ShutDown.obj
E:\RCH\win7_x64监测\ATAD\ATAD\ShutDown\Debug\stdafx.obj
E:\RCH\win7_x64监测\ATAD\ATAD\ShutDown\Debug\cl.command.1.tlog
E:\RCH\win7_x64监测\ATAD\ATAD\ShutDown\Debug\CL.read.1.tlog
E:\RCH\win7_x64监测\ATAD\ATAD\ShutDown\Debug\CL.write.1.tlog
E:\RCH\win7_x64监测\ATAD\ATAD\ShutDown\Debug\link-cvtres.read.1.tlog
E:\RCH\win7_x64监测\ATAD\ATAD\ShutDown\Debug\link-cvtres.write.1.tlog
E:\RCH\win7_x64监测\ATAD\ATAD\ShutDown\Debug\link-rc.read.1.tlog
E:\RCH\win7_x64监测\ATAD\ATAD\ShutDown\Debug\link-rc.write.1.tlog
E:\RCH\win7_x64监测\ATAD\ATAD\ShutDown\Debug\link.10716-cvtres.read.1.tlog
E:\RCH\win7_x64监测\ATAD\ATAD\ShutDown\Debug\link.10716-cvtres.write.1.tlog
E:\RCH\win7_x64监测\ATAD\ATAD\ShutDown\Debug\link.10716-rc.read.1.tlog
E:\RCH\win7_x64监测\ATAD\ATAD\ShutDown\Debug\link.10716-rc.write.1.tlog
E:\RCH\win7_x64监测\ATAD\ATAD\ShutDown\Debug\link.10716.read.1.tlog
E:\RCH\win7_x64监测\ATAD\ATAD\ShutDown\Debug\link.10716.write.1.tlog
E:\RCH\win7_x64监测\ATAD\ATAD\ShutDown\Debug\link.command.1.tlog
E:\RCH\win7_x64监测\ATAD\ATAD\ShutDown\Debug\link.read.1.tlog
E:\RCH\win7_x64监测\ATAD\ATAD\ShutDown\Debug\link.write.1.tlog
E:\RCH\win7_x64监测\ATAD\ATAD\ShutDown\Debug\ShutDown.pch
E:\RCH\win7_x64监测\ATAD\ATAD\ShutDown\Debug\vc110.idb
E:\RCH\win7_x64监测\ATAD\ATAD\ShutDown\Debug\vc110.pdb
E:\RCH\win7_x64监测\ATAD\ATAD\Debug\ShutDown.pdb
E:\RCH\win7_x64监测\ATAD\ATAD\Debug\ShutDown.exe
E:\RCH\win7_x64监测\ATAD\ATAD\Debug\ShutDown.ilk
