E:\信工所\SYSCODE\FANGNUOYA\ZHANGMINGXING\MONDLL32\DEBUG\MONDLL32.PCH
E:\信工所\SYSCODE\FANGNUOYA\ZHANGMINGXING\MONDLL32\DEBUG\STDAFX.OBJ
E:\信工所\SYSCODE\FANGNUOYA\ZHANGMINGXING\MONDLL32\DEBUG\VC110.PDB
E:\信工所\SYSCODE\FANGNUOYA\ZHANGMINGXING\MONDLL32\DEBUG\DLLMAIN.OBJ
E:\信工所\SYSCODE\FANGNUOYA\ZHANGMINGXING\MONDLL32\DEBUG\FILEAPIHOOK.OBJ
E:\信工所\SYSCODE\FANGNUOYA\ZHANGMINGXING\MONDLL32\DEBUG\HOOKAPI.OBJ
E:\信工所\SYSCODE\FANGNUOYA\ZHANGMINGXING\MONDLL32\DEBUG\MONDLL32.OBJ
E:\信工所\SYSCODE\FANGNUOYA\ZHANGMINGXING\MONDLL32\DEBUG\NETAPIHOOK.OBJ
E:\信工所\SYSCODE\FANGNUOYA\ZHANGMINGXING\MONDLL32\DEBUG\OTHERAPIHOOK.OBJ
E:\信工所\SYSCODE\FANGNUOYA\ZHANGMINGXING\MONDLL32\DEBUG\PROCESSAPIHOOK.OBJ
E:\信工所\SYSCODE\FANGNUOYA\ZHANGMINGXING\MONDLL32\DEBUG\REGAPIHOOK.OBJ
E:\信工所\SYSCODE\FANGNUOYA\ZHANGMINGXING\MONDLL32\DEBUG\TINYSTR.OBJ
E:\信工所\SYSCODE\FANGNUOYA\ZHANGMINGXING\MONDLL32\DEBUG\TINYXML.OBJ
E:\信工所\SYSCODE\FANGNUOYA\ZHANGMINGXING\MONDLL32\DEBUG\TINYXMLERROR.OBJ
E:\信工所\SYSCODE\FANGNUOYA\ZHANGMINGXING\MONDLL32\DEBUG\TINYXMLPARSER.OBJ
E:\信工所\SYSCODE\FANGNUOYA\ZHANGMINGXING\DEBUG\MONDLL32.ILK
E:\信工所\SYSCODE\FANGNUOYA\ZHANGMINGXING\DEBUG\MONDLL32.DLL
E:\信工所\SYSCODE\FANGNUOYA\ZHANGMINGXING\DEBUG\MONDLL32.PDB
E:\RCH\win7_x64监测\ATAD\ATAD\MonDll32\Debug\dllmain.obj
E:\RCH\win7_x64监测\ATAD\ATAD\MonDll32\Debug\FileApiHook.obj
E:\RCH\win7_x64监测\ATAD\ATAD\MonDll32\Debug\HookApi.obj
E:\RCH\win7_x64监测\ATAD\ATAD\MonDll32\Debug\MonDll32.obj
E:\RCH\win7_x64监测\ATAD\ATAD\MonDll32\Debug\NetApiHook.obj
E:\RCH\win7_x64监测\ATAD\ATAD\MonDll32\Debug\OtherApiHook.obj
E:\RCH\win7_x64监测\ATAD\ATAD\MonDll32\Debug\ProcessApiHook.obj
E:\RCH\win7_x64监测\ATAD\ATAD\MonDll32\Debug\RegApiHook.obj
E:\RCH\win7_x64监测\ATAD\ATAD\MonDll32\Debug\stdafx.obj
E:\RCH\win7_x64监测\ATAD\ATAD\MonDll32\Debug\tinystr.obj
E:\RCH\win7_x64监测\ATAD\ATAD\MonDll32\Debug\tinyxml.obj
E:\RCH\win7_x64监测\ATAD\ATAD\MonDll32\Debug\tinyxmlerror.obj
E:\RCH\win7_x64监测\ATAD\ATAD\MonDll32\Debug\tinyxmlparser.obj
E:\RCH\win7_x64监测\ATAD\ATAD\MonDll32\Debug\cl.command.1.tlog
E:\RCH\win7_x64监测\ATAD\ATAD\MonDll32\Debug\CL.read.1.tlog
E:\RCH\win7_x64监测\ATAD\ATAD\MonDll32\Debug\CL.write.1.tlog
E:\RCH\win7_x64监测\ATAD\ATAD\MonDll32\Debug\link-cvtres.read.1.tlog
E:\RCH\win7_x64监测\ATAD\ATAD\MonDll32\Debug\link-cvtres.write.1.tlog
E:\RCH\win7_x64监测\ATAD\ATAD\MonDll32\Debug\link-rc.read.1.tlog
E:\RCH\win7_x64监测\ATAD\ATAD\MonDll32\Debug\link-rc.write.1.tlog
E:\RCH\win7_x64监测\ATAD\ATAD\MonDll32\Debug\link.command.1.tlog
E:\RCH\win7_x64监测\ATAD\ATAD\MonDll32\Debug\link.read.1.tlog
E:\RCH\win7_x64监测\ATAD\ATAD\MonDll32\Debug\link.write.1.tlog
E:\RCH\win7_x64监测\ATAD\ATAD\MonDll32\Debug\MonDll32.pch
E:\RCH\win7_x64监测\ATAD\ATAD\MonDll32\Debug\vc110.idb
E:\RCH\win7_x64监测\ATAD\ATAD\MonDll32\Debug\vc110.pdb
E:\RCH\win7_x64监测\ATAD\ATAD\Debug\MonDll32.pdb
E:\RCH\win7_x64监测\ATAD\ATAD\Debug\MonDll32.dll
E:\RCH\win7_x64监测\ATAD\ATAD\Debug\MonDll32.ilk
