E:\信工所\MONINJECT32\RELEASE\MONINJECT32.PCH
E:\信工所\MONINJECT32\RELEASE\STDAFX.OBJ
E:\信工所\MONINJECT32\RELEASE\VC110.PDB
E:\信工所\MONINJECT32\RELEASE\MYOUTPUTDEBUGSTRING.OBJ
E:\信工所\MONINJECT32\RELEASE\MONINJECT32.OBJ
E:\信工所\MONINJECT32\RELEASE\MONINJECT32.EXE
E:\信工所\MONINJECT32\RELEASE\MONINJECT32.PDB
E:\信工所\MonInject32\Release\MonInject32.obj
E:\信工所\MonInject32\Release\MyOutputDebugString.obj
E:\信工所\MonInject32\Release\stdafx.obj
E:\信工所\MonInject32\Release\cl.command.1.tlog
E:\信工所\MonInject32\Release\CL.read.1.tlog
E:\信工所\MonInject32\Release\CL.write.1.tlog
E:\信工所\MonInject32\Release\link-cvtres.read.1.tlog
E:\信工所\MonInject32\Release\link-cvtres.write.1.tlog
E:\信工所\MonInject32\Release\link-rc.read.1.tlog
E:\信工所\MonInject32\Release\link-rc.write.1.tlog
E:\信工所\MonInject32\Release\link.command.1.tlog
E:\信工所\MonInject32\Release\link.read.1.tlog
E:\信工所\MonInject32\Release\link.write.1.tlog
E:\信工所\MonInject32\Release\MonInject32.pch
E:\信工所\MonInject32\Release\MonInject32.pdb
E:\信工所\MonInject32\Release\vc110.pdb
E:\信工所\MonInject32\Release\MonInject32.exe
